{"total": {"lines":{"total":6509,"covered":6007,"skipped":0,"pct":92.28},"statements":{"total":6509,"covered":6007,"skipped":0,"pct":92.28},"functions":{"total":289,"covered":228,"skipped":0,"pct":78.89},"branches":{"total":936,"covered":751,"skipped":0,"pct":80.23},"branchesTrue":{"total":0,"covered":0,"skipped":0,"pct":100}}
,"/Users/chasegeyer/actual-rice-bikes/ricebikesapp/src/schema.ts": {"lines":{"total":736,"covered":736,"skipped":0,"pct":100},"functions":{"total":0,"covered":0,"skipped":0,"pct":100},"statements":{"total":736,"covered":736,"skipped":0,"pct":100},"branches":{"total":0,"covered":0,"skipped":0,"pct":100}}
,"/Users/chasegeyer/actual-rice-bikes/ricebikesapp/src/test-constants.ts": {"lines":{"total":35,"covered":35,"skipped":0,"pct":100},"functions":{"total":0,"covered":0,"skipped":0,"pct":100},"statements":{"total":35,"covered":35,"skipped":0,"pct":100},"branches":{"total":0,"covered":0,"skipped":0,"pct":100}}
,"/Users/chasegeyer/actual-rice-bikes/ricebikesapp/src/test-utils.tsx": {"lines":{"total":11,"covered":11,"skipped":0,"pct":100},"functions":{"total":1,"covered":1,"skipped":0,"pct":100},"statements":{"total":11,"covered":11,"skipped":0,"pct":100},"branches":{"total":1,"covered":1,"skipped":0,"pct":100}}
,"/Users/chasegeyer/actual-rice-bikes/ricebikesapp/src/app/queryClient.ts": {"lines":{"total":10,"covered":10,"skipped":0,"pct":100},"functions":{"total":0,"covered":0,"skipped":0,"pct":100},"statements":{"total":10,"covered":10,"skipped":0,"pct":100},"branches":{"total":0,"covered":0,"skipped":0,"pct":100}}
,"/Users/chasegeyer/actual-rice-bikes/ricebikesapp/src/components/CustomerReservation.tsx": {"lines":{"total":374,"covered":332,"skipped":0,"pct":88.77},"functions":{"total":24,"covered":15,"skipped":0,"pct":62.5},"statements":{"total":374,"covered":332,"skipped":0,"pct":88.77},"branches":{"total":50,"covered":37,"skipped":0,"pct":74}}
,"/Users/chasegeyer/actual-rice-bikes/ricebikesapp/src/components/ItemPage.tsx": {"lines":{"total":449,"covered":418,"skipped":0,"pct":93.09},"functions":{"total":17,"covered":12,"skipped":0,"pct":70.58},"statements":{"total":449,"covered":418,"skipped":0,"pct":93.09},"branches":{"total":98,"covered":70,"skipped":0,"pct":71.42}}
,"/Users/chasegeyer/actual-rice-bikes/ricebikesapp/src/components/PdfViewer.tsx": {"lines":{"total":71,"covered":66,"skipped":0,"pct":92.95},"functions":{"total":4,"covered":3,"skipped":0,"pct":75},"statements":{"total":71,"covered":66,"skipped":0,"pct":92.95},"branches":{"total":8,"covered":7,"skipped":0,"pct":87.5}}
,"/Users/chasegeyer/actual-rice-bikes/ricebikesapp/src/components/PriceCheckModal.tsx": {"lines":{"total":105,"covered":105,"skipped":0,"pct":100},"functions":{"total":6,"covered":6,"skipped":0,"pct":100},"statements":{"total":105,"covered":105,"skipped":0,"pct":100},"branches":{"total":13,"covered":13,"skipped":0,"pct":100}}
,"/Users/chasegeyer/actual-rice-bikes/ricebikesapp/src/components/SlackNotificationTester.tsx": {"lines":{"total":146,"covered":134,"skipped":0,"pct":91.78},"functions":{"total":7,"covered":6,"skipped":0,"pct":85.71},"statements":{"total":146,"covered":134,"skipped":0,"pct":91.78},"branches":{"total":24,"covered":12,"skipped":0,"pct":50}}
,"/Users/chasegeyer/actual-rice-bikes/ricebikesapp/src/components/TransactionsLogModal.tsx": {"lines":{"total":56,"covered":53,"skipped":0,"pct":94.64},"functions":{"total":5,"covered":4,"skipped":0,"pct":80},"statements":{"total":56,"covered":53,"skipped":0,"pct":94.64},"branches":{"total":7,"covered":7,"skipped":0,"pct":100}}
,"/Users/chasegeyer/actual-rice-bikes/ricebikesapp/src/components/WhiteboardEntryModal.tsx": {"lines":{"total":355,"covered":305,"skipped":0,"pct":85.91},"functions":{"total":26,"covered":24,"skipped":0,"pct":92.3},"statements":{"total":355,"covered":305,"skipped":0,"pct":85.91},"branches":{"total":63,"covered":39,"skipped":0,"pct":61.9}}
,"/Users/chasegeyer/actual-rice-bikes/ricebikesapp/src/components/AuthPrompt/AuthPrompt.tsx": {"lines":{"total":92,"covered":89,"skipped":0,"pct":96.73},"functions":{"total":4,"covered":4,"skipped":0,"pct":100},"statements":{"total":92,"covered":89,"skipped":0,"pct":96.73},"branches":{"total":27,"covered":24,"skipped":0,"pct":88.88}}
,"/Users/chasegeyer/actual-rice-bikes/ricebikesapp/src/components/BikeTransactionSteps/BuildStep.tsx": {"lines":{"total":632,"covered":464,"skipped":0,"pct":73.41},"functions":{"total":11,"covered":7,"skipped":0,"pct":63.63},"statements":{"total":632,"covered":464,"skipped":0,"pct":73.41},"branches":{"total":81,"covered":64,"skipped":0,"pct":79.01}}
,"/Users/chasegeyer/actual-rice-bikes/ricebikesapp/src/components/ItemSearch/CreateItemModal.tsx": {"lines":{"total":41,"covered":38,"skipped":0,"pct":92.68},"functions":{"total":7,"covered":5,"skipped":0,"pct":71.42},"statements":{"total":41,"covered":38,"skipped":0,"pct":92.68},"branches":{"total":6,"covered":5,"skipped":0,"pct":83.33}}
,"/Users/chasegeyer/actual-rice-bikes/ricebikesapp/src/components/ItemSearch/SearchModal.tsx": {"lines":{"total":137,"covered":128,"skipped":0,"pct":93.43},"functions":{"total":6,"covered":5,"skipped":0,"pct":83.33},"statements":{"total":137,"covered":128,"skipped":0,"pct":93.43},"branches":{"total":23,"covered":19,"skipped":0,"pct":82.6}}
,"/Users/chasegeyer/actual-rice-bikes/ricebikesapp/src/components/TransactionPage/BikeForm.tsx": {"lines":{"total":122,"covered":112,"skipped":0,"pct":91.8},"functions":{"total":7,"covered":4,"skipped":0,"pct":57.14},"statements":{"total":122,"covered":112,"skipped":0,"pct":91.8},"branches":{"total":14,"covered":14,"skipped":0,"pct":100}}
,"/Users/chasegeyer/actual-rice-bikes/ricebikesapp/src/components/TransactionPage/HeaderItem.tsx": {"lines":{"total":13,"covered":13,"skipped":0,"pct":100},"functions":{"total":0,"covered":0,"skipped":0,"pct":100},"statements":{"total":13,"covered":13,"skipped":0,"pct":100},"branches":{"total":1,"covered":1,"skipped":0,"pct":100}}
,"/Users/chasegeyer/actual-rice-bikes/ricebikesapp/src/components/TransactionPage/Notes.tsx": {"lines":{"total":119,"covered":113,"skipped":0,"pct":94.95},"functions":{"total":8,"covered":6,"skipped":0,"pct":75},"statements":{"total":119,"covered":113,"skipped":0,"pct":94.95},"branches":{"total":17,"covered":17,"skipped":0,"pct":100}}
,"/Users/chasegeyer/actual-rice-bikes/ricebikesapp/src/components/TransactionPage/TransactionOptionDropdown.tsx": {"lines":{"total":86,"covered":84,"skipped":0,"pct":97.67},"functions":{"total":5,"covered":5,"skipped":0,"pct":100},"statements":{"total":86,"covered":84,"skipped":0,"pct":97.67},"branches":{"total":16,"covered":13,"skipped":0,"pct":81.25}}
,"/Users/chasegeyer/actual-rice-bikes/ricebikesapp/src/constants/transaction.ts": {"lines":{"total":2,"covered":2,"skipped":0,"pct":100},"functions":{"total":0,"covered":0,"skipped":0,"pct":100},"statements":{"total":2,"covered":2,"skipped":0,"pct":100},"branches":{"total":0,"covered":0,"skipped":0,"pct":100}}
,"/Users/chasegeyer/actual-rice-bikes/ricebikesapp/src/contexts/UserContext.tsx": {"lines":{"total":42,"covered":38,"skipped":0,"pct":90.47},"functions":{"total":5,"covered":4,"skipped":0,"pct":80},"statements":{"total":42,"covered":38,"skipped":0,"pct":90.47},"branches":{"total":7,"covered":5,"skipped":0,"pct":71.42}}
,"/Users/chasegeyer/actual-rice-bikes/ricebikesapp/src/features/RecieptButton.tsx": {"lines":{"total":34,"covered":34,"skipped":0,"pct":100},"functions":{"total":2,"covered":2,"skipped":0,"pct":100},"statements":{"total":34,"covered":34,"skipped":0,"pct":100},"branches":{"total":6,"covered":6,"skipped":0,"pct":100}}
,"/Users/chasegeyer/actual-rice-bikes/ricebikesapp/src/features/RecieptTemplate.ts": {"lines":{"total":80,"covered":77,"skipped":0,"pct":96.25},"functions":{"total":2,"covered":2,"skipped":0,"pct":100},"statements":{"total":80,"covered":77,"skipped":0,"pct":96.25},"branches":{"total":21,"covered":19,"skipped":0,"pct":90.47}}
,"/Users/chasegeyer/actual-rice-bikes/ricebikesapp/src/features/AdminPage/DataExportButtons.tsx": {"lines":{"total":184,"covered":184,"skipped":0,"pct":100},"functions":{"total":12,"covered":9,"skipped":0,"pct":75},"statements":{"total":184,"covered":184,"skipped":0,"pct":100},"branches":{"total":21,"covered":19,"skipped":0,"pct":90.47}}
,"/Users/chasegeyer/actual-rice-bikes/ricebikesapp/src/features/AdminPage/ManagePermissions.tsx": {"lines":{"total":165,"covered":152,"skipped":0,"pct":92.12},"functions":{"total":16,"covered":14,"skipped":0,"pct":87.5},"statements":{"total":165,"covered":152,"skipped":0,"pct":92.12},"branches":{"total":24,"covered":22,"skipped":0,"pct":91.66}}
,"/Users/chasegeyer/actual-rice-bikes/ricebikesapp/src/features/AdminPage/dataExportUtils.ts": {"lines":{"total":93,"covered":91,"skipped":0,"pct":97.84},"functions":{"total":2,"covered":2,"skipped":0,"pct":100},"statements":{"total":93,"covered":91,"skipped":0,"pct":97.84},"branches":{"total":22,"covered":19,"skipped":0,"pct":86.36}}
,"/Users/chasegeyer/actual-rice-bikes/ricebikesapp/src/features/TransactionPage/CheckoutModal.tsx": {"lines":{"total":40,"covered":39,"skipped":0,"pct":97.5},"functions":{"total":1,"covered":1,"skipped":0,"pct":100},"statements":{"total":40,"covered":39,"skipped":0,"pct":97.5},"branches":{"total":2,"covered":1,"skipped":0,"pct":50}}
,"/Users/chasegeyer/actual-rice-bikes/ricebikesapp/src/features/TransactionPage/CompleteTransactionDropdown.tsx": {"lines":{"total":90,"covered":88,"skipped":0,"pct":97.77},"functions":{"total":5,"covered":5,"skipped":0,"pct":100},"statements":{"total":90,"covered":88,"skipped":0,"pct":97.77},"branches":{"total":17,"covered":15,"skipped":0,"pct":88.23}}
,"/Users/chasegeyer/actual-rice-bikes/ricebikesapp/src/features/TransactionPage/DeleteTransactionsModal.tsx": {"lines":{"total":28,"covered":28,"skipped":0,"pct":100},"functions":{"total":4,"covered":2,"skipped":0,"pct":50},"statements":{"total":28,"covered":28,"skipped":0,"pct":100},"branches":{"total":2,"covered":2,"skipped":0,"pct":100}}
,"/Users/chasegeyer/actual-rice-bikes/ricebikesapp/src/features/TransactionPage/SetProjectsTypesDropdown.tsx": {"lines":{"total":88,"covered":80,"skipped":0,"pct":90.9},"functions":{"total":5,"covered":4,"skipped":0,"pct":80},"statements":{"total":88,"covered":80,"skipped":0,"pct":90.9},"branches":{"total":13,"covered":12,"skipped":0,"pct":92.3}}
,"/Users/chasegeyer/actual-rice-bikes/ricebikesapp/src/features/TransactionPage/components/BikeInformation.tsx": {"lines":{"total":87,"covered":82,"skipped":0,"pct":94.25},"functions":{"total":5,"covered":3,"skipped":0,"pct":60},"statements":{"total":87,"covered":82,"skipped":0,"pct":94.25},"branches":{"total":8,"covered":4,"skipped":0,"pct":50}}
,"/Users/chasegeyer/actual-rice-bikes/ricebikesapp/src/features/TransactionPage/components/OrderRequestsList.tsx": {"lines":{"total":99,"covered":97,"skipped":0,"pct":97.97},"functions":{"total":2,"covered":2,"skipped":0,"pct":100},"statements":{"total":99,"covered":97,"skipped":0,"pct":97.97},"branches":{"total":7,"covered":5,"skipped":0,"pct":71.42}}
,"/Users/chasegeyer/actual-rice-bikes/ricebikesapp/src/features/TransactionPage/components/PartsList.tsx": {"lines":{"total":91,"covered":91,"skipped":0,"pct":100},"functions":{"total":3,"covered":3,"skipped":0,"pct":100},"statements":{"total":91,"covered":91,"skipped":0,"pct":100},"branches":{"total":9,"covered":8,"skipped":0,"pct":88.88}}
,"/Users/chasegeyer/actual-rice-bikes/ricebikesapp/src/features/TransactionPage/components/RepairsList.tsx": {"lines":{"total":112,"covered":109,"skipped":0,"pct":97.32},"functions":{"total":3,"covered":3,"skipped":0,"pct":100},"statements":{"total":112,"covered":109,"skipped":0,"pct":97.32},"branches":{"total":10,"covered":6,"skipped":0,"pct":60}}
,"/Users/chasegeyer/actual-rice-bikes/ricebikesapp/src/features/TransactionPage/components/TransactionActions.tsx": {"lines":{"total":277,"covered":270,"skipped":0,"pct":97.47},"functions":{"total":14,"covered":11,"skipped":0,"pct":78.57},"statements":{"total":277,"covered":270,"skipped":0,"pct":97.47},"branches":{"total":33,"covered":27,"skipped":0,"pct":81.81}}
,"/Users/chasegeyer/actual-rice-bikes/ricebikesapp/src/features/TransactionPage/components/TransactionHeader.tsx": {"lines":{"total":156,"covered":156,"skipped":0,"pct":100},"functions":{"total":3,"covered":3,"skipped":0,"pct":100},"statements":{"total":156,"covered":156,"skipped":0,"pct":100},"branches":{"total":14,"covered":11,"skipped":0,"pct":78.57}}
,"/Users/chasegeyer/actual-rice-bikes/ricebikesapp/src/features/TransactionPage/utils/index.ts": {"lines":{"total":1,"covered":1,"skipped":0,"pct":100},"functions":{"total":0,"covered":0,"skipped":0,"pct":100},"statements":{"total":1,"covered":1,"skipped":0,"pct":100},"branches":{"total":0,"covered":0,"skipped":0,"pct":100}}
,"/Users/chasegeyer/actual-rice-bikes/ricebikesapp/src/features/TransactionPage/utils/transactionUtils.ts": {"lines":{"total":66,"covered":66,"skipped":0,"pct":100},"functions":{"total":4,"covered":4,"skipped":0,"pct":100},"statements":{"total":66,"covered":66,"skipped":0,"pct":100},"branches":{"total":26,"covered":25,"skipped":0,"pct":96.15}}
,"/Users/chasegeyer/actual-rice-bikes/ricebikesapp/src/features/TransactionsTable/BikeSalesColumns.tsx": {"lines":{"total":125,"covered":113,"skipped":0,"pct":90.4},"functions":{"total":9,"covered":5,"skipped":0,"pct":55.55},"statements":{"total":125,"covered":113,"skipped":0,"pct":90.4},"branches":{"total":22,"covered":20,"skipped":0,"pct":90.9}}
,"/Users/chasegeyer/actual-rice-bikes/ricebikesapp/src/features/TransactionsTable/TransactionTypeDropdown.tsx": {"lines":{"total":179,"covered":172,"skipped":0,"pct":96.08},"functions":{"total":10,"covered":9,"skipped":0,"pct":90},"statements":{"total":179,"covered":172,"skipped":0,"pct":96.08},"branches":{"total":27,"covered":20,"skipped":0,"pct":74.07}}
,"/Users/chasegeyer/actual-rice-bikes/ricebikesapp/src/features/TransactionsTable/TransactionsTable.filter.ts": {"lines":{"total":78,"covered":77,"skipped":0,"pct":98.71},"functions":{"total":2,"covered":2,"skipped":0,"pct":100},"statements":{"total":78,"covered":77,"skipped":0,"pct":98.71},"branches":{"total":54,"covered":47,"skipped":0,"pct":87.03}}
,"/Users/chasegeyer/actual-rice-bikes/ricebikesapp/src/features/TransactionsTable/TransactionsTable.helpers.tsx": {"lines":{"total":408,"covered":331,"skipped":0,"pct":81.12},"functions":{"total":20,"covered":10,"skipped":0,"pct":50},"statements":{"total":408,"covered":331,"skipped":0,"pct":81.12},"branches":{"total":66,"covered":55,"skipped":0,"pct":83.33}}
,"/Users/chasegeyer/actual-rice-bikes/ricebikesapp/src/features/TransactionsTable/TransactionsTable.utils.ts": {"lines":{"total":6,"covered":6,"skipped":0,"pct":100},"functions":{"total":1,"covered":1,"skipped":0,"pct":100},"statements":{"total":6,"covered":6,"skipped":0,"pct":100},"branches":{"total":1,"covered":1,"skipped":0,"pct":100}}
,"/Users/chasegeyer/actual-rice-bikes/ricebikesapp/src/hooks/useSlackNotifications.ts": {"lines":{"total":87,"covered":87,"skipped":0,"pct":100},"functions":{"total":1,"covered":1,"skipped":0,"pct":100},"statements":{"total":87,"covered":87,"skipped":0,"pct":100},"branches":{"total":17,"covered":9,"skipped":0,"pct":52.94}}
,"/Users/chasegeyer/actual-rice-bikes/ricebikesapp/src/services/notificationService.ts": {"lines":{"total":149,"covered":149,"skipped":0,"pct":100},"functions":{"total":9,"covered":9,"skipped":0,"pct":100},"statements":{"total":149,"covered":149,"skipped":0,"pct":100},"branches":{"total":21,"covered":17,"skipped":0,"pct":80.95}}
,"/Users/chasegeyer/actual-rice-bikes/ricebikesapp/src/test-utils/downloadTestUtils.ts": {"lines":{"total":31,"covered":31,"skipped":0,"pct":100},"functions":{"total":5,"covered":5,"skipped":0,"pct":100},"statements":{"total":31,"covered":31,"skipped":0,"pct":100},"branches":{"total":9,"covered":9,"skipped":0,"pct":100}}
,"/Users/chasegeyer/actual-rice-bikes/ricebikesapp/src/utils/decimalConverter.ts": {"lines":{"total":121,"covered":110,"skipped":0,"pct":90.9},"functions":{"total":6,"covered":5,"skipped":0,"pct":83.33},"statements":{"total":121,"covered":110,"skipped":0,"pct":90.9},"branches":{"total":28,"covered":24,"skipped":0,"pct":85.71}}
}
