TN:
SF:src/schema.ts
FNF:0
FNH:0
DA:3,1
DA:4,1
DA:5,1
DA:6,1
DA:7,1
DA:8,1
DA:9,1
DA:10,1
DA:11,1
DA:12,1
DA:13,1
DA:14,1
DA:15,1
DA:16,1
DA:17,1
DA:18,1
DA:19,1
DA:20,1
DA:21,1
DA:22,1
DA:23,1
DA:24,1
DA:25,1
DA:26,1
DA:27,1
DA:28,1
DA:29,1
DA:30,1
DA:31,1
DA:32,1
DA:33,1
DA:34,1
DA:35,1
DA:36,1
DA:37,1
DA:38,1
DA:40,1
DA:42,1
DA:43,1
DA:44,1
DA:45,1
DA:46,1
DA:48,1
DA:49,1
DA:50,1
DA:51,1
DA:52,1
DA:53,1
DA:54,1
DA:55,1
DA:56,1
DA:57,1
DA:58,1
DA:59,1
DA:60,1
DA:62,1
DA:63,1
DA:64,1
DA:65,1
DA:66,1
DA:67,1
DA:68,1
DA:69,1
DA:70,1
DA:71,1
DA:72,1
DA:73,1
DA:74,1
DA:75,1
DA:76,1
DA:77,1
DA:78,1
DA:79,1
DA:80,1
DA:81,1
DA:82,1
DA:83,1
DA:85,1
DA:86,1
DA:87,1
DA:88,1
DA:89,1
DA:90,1
DA:91,1
DA:92,1
DA:94,1
DA:96,1
DA:97,1
DA:98,1
DA:99,1
DA:100,1
DA:101,1
DA:102,1
DA:103,1
DA:104,1
DA:105,1
DA:106,1
DA:107,1
DA:108,1
DA:110,1
DA:111,1
DA:112,1
DA:113,1
DA:114,1
DA:116,1
DA:117,1
DA:118,1
DA:119,1
DA:120,1
DA:121,1
DA:122,1
DA:123,1
DA:124,1
DA:125,1
DA:126,1
DA:128,1
DA:129,1
DA:130,1
DA:131,1
DA:132,1
DA:133,1
DA:134,1
DA:135,1
DA:136,1
DA:137,1
DA:138,1
DA:139,1
DA:141,1
DA:142,1
DA:144,1
DA:145,1
DA:146,1
DA:147,1
DA:148,1
DA:149,1
DA:150,1
DA:151,1
DA:152,1
DA:153,1
DA:154,1
DA:156,1
DA:157,1
DA:159,1
DA:160,1
DA:161,1
DA:162,1
DA:163,1
DA:164,1
DA:165,1
DA:166,1
DA:167,1
DA:168,1
DA:169,1
DA:170,1
DA:171,1
DA:172,1
DA:173,1
DA:174,1
DA:175,1
DA:176,1
DA:177,1
DA:178,1
DA:179,1
DA:180,1
DA:182,1
DA:183,1
DA:184,1
DA:185,1
DA:186,1
DA:187,1
DA:188,1
DA:189,1
DA:190,1
DA:191,1
DA:192,1
DA:193,1
DA:194,1
DA:195,1
DA:196,1
DA:197,1
DA:198,1
DA:199,1
DA:200,1
DA:201,1
DA:202,1
DA:203,1
DA:204,1
DA:205,1
DA:206,1
DA:207,1
DA:208,1
DA:209,1
DA:210,1
DA:211,1
DA:212,1
DA:213,1
DA:214,1
DA:215,1
DA:216,1
DA:217,1
DA:218,1
DA:220,1
DA:221,1
DA:222,1
DA:223,1
DA:224,1
DA:225,1
DA:226,1
DA:227,1
DA:228,1
DA:229,1
DA:230,1
DA:231,1
DA:232,1
DA:233,1
DA:234,1
DA:236,1
DA:237,1
DA:238,1
DA:239,1
DA:240,1
DA:241,1
DA:242,1
DA:243,1
DA:244,1
DA:245,1
DA:246,1
DA:247,1
DA:248,1
DA:250,1
DA:251,1
DA:252,1
DA:253,1
DA:254,1
DA:255,1
DA:256,1
DA:257,1
DA:258,1
DA:259,1
DA:260,1
DA:261,1
DA:262,1
DA:264,1
DA:265,1
DA:266,1
DA:267,1
DA:268,1
DA:269,1
DA:270,1
DA:271,1
DA:272,1
DA:273,1
DA:274,1
DA:275,1
DA:276,1
DA:278,1
DA:279,1
DA:280,1
DA:281,1
DA:282,1
DA:283,1
DA:284,1
DA:285,1
DA:286,1
DA:287,1
DA:288,1
DA:289,1
DA:290,1
DA:291,1
DA:292,1
DA:294,1
DA:295,1
DA:296,1
DA:297,1
DA:298,1
DA:299,1
DA:300,1
DA:301,1
DA:302,1
DA:303,1
DA:304,1
DA:305,1
DA:306,1
DA:307,1
DA:308,1
DA:309,1
DA:310,1
DA:311,1
DA:312,1
DA:313,1
DA:314,1
DA:315,1
DA:316,1
DA:317,1
DA:318,1
DA:319,1
DA:320,1
DA:322,1
DA:323,1
DA:324,1
DA:325,1
DA:326,1
DA:327,1
DA:328,1
DA:329,1
DA:330,1
DA:331,1
DA:332,1
DA:333,1
DA:334,1
DA:335,1
DA:336,1
DA:337,1
DA:338,1
DA:339,1
DA:340,1
DA:341,1
DA:342,1
DA:343,1
DA:344,1
DA:345,1
DA:346,1
DA:347,1
DA:348,1
DA:349,1
DA:350,1
DA:351,1
DA:352,1
DA:353,1
DA:354,1
DA:355,1
DA:356,1
DA:357,1
DA:358,1
DA:359,1
DA:360,1
DA:361,1
DA:362,1
DA:363,1
DA:364,1
DA:365,1
DA:366,1
DA:367,1
DA:368,1
DA:369,1
DA:370,1
DA:371,1
DA:372,1
DA:374,1
DA:376,1
DA:377,1
DA:378,1
DA:379,1
DA:380,1
DA:381,1
DA:382,1
DA:383,1
DA:384,1
DA:385,1
DA:386,1
DA:387,1
DA:388,1
DA:390,1
DA:391,1
DA:392,1
DA:393,1
DA:394,1
DA:396,1
DA:397,1
DA:398,1
DA:399,1
DA:400,1
DA:401,1
DA:402,1
DA:403,1
DA:404,1
DA:405,1
DA:406,1
DA:407,1
DA:408,1
DA:410,1
DA:411,1
DA:412,1
DA:413,1
DA:414,1
DA:415,1
DA:416,1
DA:417,1
DA:418,1
DA:419,1
DA:420,1
DA:421,1
DA:422,1
DA:424,1
DA:425,1
DA:426,1
DA:427,1
DA:428,1
DA:429,1
DA:430,1
DA:431,1
DA:432,1
DA:433,1
DA:434,1
DA:435,1
DA:436,1
DA:437,1
DA:438,1
DA:439,1
DA:440,1
DA:441,1
DA:442,1
DA:443,1
DA:445,1
DA:447,1
DA:448,1
DA:449,1
DA:450,1
DA:451,1
DA:452,1
DA:453,1
DA:454,1
DA:455,1
DA:456,1
DA:457,1
DA:459,1
DA:460,1
DA:461,1
DA:462,1
DA:463,1
DA:464,1
DA:465,1
DA:466,1
DA:467,1
DA:468,1
DA:469,1
DA:471,1
DA:472,1
DA:473,1
DA:474,1
DA:475,1
DA:477,1
DA:478,1
DA:479,1
DA:480,1
DA:481,1
DA:482,1
DA:483,1
DA:484,1
DA:485,1
DA:486,1
DA:487,1
DA:488,1
DA:489,1
DA:490,1
DA:492,1
DA:493,1
DA:494,1
DA:495,1
DA:496,1
DA:497,1
DA:498,1
DA:499,1
DA:500,1
DA:501,1
DA:502,1
DA:503,1
DA:504,1
DA:505,1
DA:506,1
DA:507,1
DA:508,1
DA:509,1
DA:510,1
DA:511,1
DA:513,1
DA:514,1
DA:515,1
DA:516,1
DA:517,1
DA:518,1
DA:519,1
DA:520,1
DA:521,1
DA:522,1
DA:523,1
DA:524,1
DA:525,1
DA:527,1
DA:528,1
DA:529,1
DA:530,1
DA:531,1
DA:532,1
DA:533,1
DA:534,1
DA:535,1
DA:536,1
DA:537,1
DA:538,1
DA:539,1
DA:540,1
DA:541,1
DA:542,1
DA:543,1
DA:544,1
DA:546,1
DA:547,1
DA:548,1
DA:549,1
DA:550,1
DA:551,1
DA:552,1
DA:553,1
DA:554,1
DA:555,1
DA:556,1
DA:557,1
DA:558,1
DA:559,1
DA:560,1
DA:561,1
DA:562,1
DA:563,1
DA:564,1
DA:565,1
DA:566,1
DA:568,1
DA:569,1
DA:570,1
DA:571,1
DA:572,1
DA:573,1
DA:574,1
DA:575,1
DA:576,1
DA:577,1
DA:578,1
DA:579,1
DA:580,1
DA:581,1
DA:582,1
DA:583,1
DA:584,1
DA:585,1
DA:587,1
DA:588,1
DA:589,1
DA:590,1
DA:591,1
DA:592,1
DA:593,1
DA:594,1
DA:595,1
DA:596,1
DA:597,1
DA:598,1
DA:599,1
DA:600,1
DA:601,1
DA:602,1
DA:603,1
DA:604,1
DA:605,1
DA:606,1
DA:607,1
DA:608,1
DA:610,1
DA:611,1
DA:612,1
DA:613,1
DA:614,1
DA:616,1
DA:617,1
DA:618,1
DA:619,1
DA:620,1
DA:621,1
DA:622,1
DA:623,1
DA:624,1
DA:625,1
DA:626,1
DA:627,1
DA:628,1
DA:630,1
DA:631,1
DA:632,1
DA:633,1
DA:634,1
DA:635,1
DA:636,1
DA:637,1
DA:638,1
DA:639,1
DA:640,1
DA:641,1
DA:642,1
DA:643,1
DA:644,1
DA:645,1
DA:646,1
DA:647,1
DA:648,1
DA:649,1
DA:651,1
DA:652,1
DA:653,1
DA:654,1
DA:655,1
DA:656,1
DA:657,1
DA:658,1
DA:659,1
DA:660,1
DA:661,1
DA:662,1
DA:663,1
DA:664,1
DA:665,1
DA:666,1
DA:667,1
DA:668,1
DA:669,1
DA:670,1
DA:672,1
DA:673,1
DA:674,1
DA:675,1
DA:676,1
DA:677,1
DA:678,1
DA:679,1
DA:680,1
DA:681,1
DA:682,1
DA:683,1
DA:684,1
DA:685,1
DA:686,1
DA:687,1
DA:688,1
DA:690,1
DA:691,1
DA:692,1
DA:693,1
DA:694,1
DA:695,1
DA:696,1
DA:697,1
DA:698,1
DA:699,1
DA:700,1
DA:701,1
DA:702,1
DA:703,1
DA:704,1
DA:705,1
DA:706,1
DA:707,1
DA:708,1
DA:709,1
DA:710,1
DA:711,1
DA:712,1
DA:713,1
DA:714,1
DA:715,1
DA:716,1
DA:717,1
DA:718,1
DA:719,1
DA:721,1
DA:722,1
DA:723,1
DA:724,1
DA:725,1
DA:727,1
DA:728,1
DA:729,1
DA:730,1
DA:731,1
DA:732,1
DA:733,1
DA:734,1
DA:735,1
DA:736,1
DA:737,1
DA:738,1
DA:739,1
DA:740,1
DA:741,1
DA:742,1
DA:743,1
DA:744,1
DA:745,1
DA:746,1
DA:747,1
DA:748,1
DA:749,1
DA:750,1
DA:751,1
DA:752,1
DA:753,1
DA:754,1
DA:755,1
DA:756,1
DA:757,1
DA:758,1
DA:759,1
DA:760,1
DA:761,1
DA:762,1
DA:763,1
DA:764,1
DA:765,1
DA:766,1
DA:767,1
DA:768,1
DA:769,1
DA:770,1
DA:771,1
DA:772,1
DA:773,1
DA:775,1
DA:776,1
DA:777,1
DA:778,1
DA:779,1
DA:780,1
DA:781,1
DA:782,1
DA:783,1
DA:784,1
DA:785,1
DA:786,1
LF:736
LH:736
BRF:0
BRH:0
end_of_record
TN:
SF:src/test-constants.ts
FNF:0
FNH:0
DA:1,1
DA:4,1
DA:8,1
DA:9,1
DA:10,1
DA:11,1
DA:12,1
DA:13,1
DA:14,1
DA:15,1
DA:16,1
DA:17,1
DA:18,1
DA:19,1
DA:22,1
DA:23,1
DA:24,1
DA:25,1
DA:26,1
DA:27,1
DA:28,1
DA:29,1
DA:30,1
DA:31,1
DA:32,1
DA:33,1
DA:34,1
DA:35,1
DA:36,1
DA:37,1
DA:38,1
DA:39,1
DA:40,1
DA:41,1
DA:42,1
LF:35
LH:35
BRF:0
BRH:0
end_of_record
TN:
SF:src/test-utils.tsx
FN:10,AllTheProviders
FNF:1
FNH:1
FNDA:106,AllTheProviders
DA:2,1
DA:3,1
DA:4,1
DA:5,1
DA:6,1
DA:10,1
DA:11,106
DA:12,106
DA:13,106
DA:14,106
DA:18,106
LF:11
LH:11
BRDA:10,0,0,106
BRF:1
BRH:1
end_of_record
TN:
SF:src/app/queryClient.ts
FNF:0
FNH:0
DA:1,1
DA:3,1
DA:4,1
DA:5,1
DA:6,1
DA:7,1
DA:8,1
DA:9,1
DA:10,1
DA:11,1
LF:10
LH:10
BRF:0
BRH:0
end_of_record
TN:
SF:src/components/CustomerReservation.tsx
FN:25,CustomerReservation
FN:60,queryFn
FN:61,select
FN:75,handleTextFieldChange
FN:82,mutationFn
FN:85,onSuccess
FN:92,onError
FN:100,mutationFn
FN:103,onSuccess
FN:110,onError
FN:117,updateTransactionWithCustomer
FN:168,resetForm
FN:178,handleReserve
FN:188,handleConfirmDeposit
FN:210,handleSubmit
FN:215,handleUnreserve
FN:302,onClick
FN:310,onClose
FN:345,onChange
FN:373,filterOptions
FN:421,onClick
FN:425,onClick
FN:437,onClose
FN:471,onClick
FNF:24
FNH:15
FNDA:31,CustomerReservation
FNDA:6,queryFn
FNDA:11,select
FNDA:1,handleTextFieldChange
FNDA:0,mutationFn
FNDA:0,onSuccess
FNDA:0,onError
FNDA:1,mutationFn
FNDA:1,onSuccess
FNDA:0,onError
FNDA:1,updateTransactionWithCustomer
FNDA:1,resetForm
FNDA:1,handleReserve
FNDA:1,handleConfirmDeposit
FNDA:0,handleSubmit
FNDA:1,handleUnreserve
FNDA:1,onClick
FNDA:0,onClose
FNDA:1,onChange
FNDA:2,filterOptions
FNDA:0,onClick
FNDA:1,onClick
FNDA:0,onClose
FNDA:0,onClick
DA:1,1
DA:2,1
DA:7,1
DA:8,1
DA:9,1
DA:10,1
DA:11,1
DA:23,1
DA:25,1
DA:26,31
DA:27,31
DA:28,31
DA:29,31
DA:30,31
DA:31,31
DA:32,31
DA:33,31
DA:34,31
DA:35,31
DA:36,31
DA:37,31
DA:38,31
DA:39,31
DA:40,31
DA:41,31
DA:42,31
DA:43,31
DA:44,31
DA:45,31
DA:47,31
DA:48,31
DA:49,9
DA:50,5
DA:51,5
DA:52,1
DA:53,1
DA:54,5
DA:55,31
DA:57,31
DA:58,31
DA:59,31
DA:60,31
DA:61,31
DA:62,31
DA:64,31
DA:65,12
DA:66,2
DA:67,2
DA:68,31
DA:70,31
DA:71,5
DA:72,5
DA:73,5
DA:75,31
DA:76,1
DA:77,1
DA:78,1
DA:80,31
DA:81,31
DA:82,31
DA:83,0
DA:84,0
DA:85,31
DA:86,0
DA:87,0
DA:88,0
DA:89,0
DA:90,0
DA:91,0
DA:92,31
DA:93,0
DA:94,0
DA:95,0
DA:96,31
DA:98,31
DA:99,31
DA:100,31
DA:101,1
DA:102,1
DA:103,31
DA:104,1
DA:105,1
DA:106,1
DA:107,1
DA:108,1
DA:109,1
DA:110,31
DA:111,0
DA:112,0
DA:113,0
DA:114,31
DA:116,31
DA:117,31
DA:118,1
DA:120,1
DA:121,1
DA:122,1
DA:123,1
DA:124,1
DA:125,1
DA:126,1
DA:127,1
DA:128,0
DA:129,1
DA:130,1
DA:131,1
DA:132,1
DA:133,1
DA:134,1
DA:135,1
DA:136,1
DA:137,1
DA:138,1
DA:139,1
DA:141,1
DA:142,1
DA:143,1
DA:144,1
DA:145,1
DA:146,1
DA:147,1
DA:149,1
DA:150,1
DA:151,1
DA:152,1
DA:153,1
DA:154,1
DA:155,1
DA:156,1
DA:158,1
DA:159,1
DA:160,1
DA:161,1
DA:162,1
DA:163,0
DA:164,0
DA:165,0
DA:166,1
DA:168,31
DA:169,1
DA:170,1
DA:171,1
DA:172,1
DA:173,1
DA:174,1
DA:175,1
DA:176,1
DA:178,31
DA:179,1
DA:180,0
DA:181,0
DA:182,1
DA:183,1
DA:184,1
DA:185,1
DA:186,1
DA:188,31
DA:189,1
DA:190,1
DA:191,1
DA:192,1
DA:193,1
DA:194,1
DA:196,1
DA:197,1
DA:198,1
DA:199,1
DA:200,1
DA:201,1
DA:202,1
DA:203,0
DA:204,0
DA:205,0
DA:206,1
DA:207,1
DA:208,1
DA:210,31
DA:211,0
DA:212,0
DA:213,0
DA:215,31
DA:216,1
DA:218,1
DA:219,1
DA:220,1
DA:221,1
DA:222,1
DA:223,1
DA:224,1
DA:225,0
DA:226,1
DA:227,1
DA:228,1
DA:229,1
DA:230,1
DA:231,1
DA:232,1
DA:233,1
DA:234,1
DA:235,1
DA:236,1
DA:237,1
DA:239,1
DA:240,1
DA:242,1
DA:243,1
DA:244,1
DA:245,1
DA:246,1
DA:247,1
DA:248,1
DA:250,1
DA:251,1
DA:252,1
DA:254,1
DA:255,1
DA:256,1
DA:257,0
DA:258,0
DA:259,0
DA:260,1
DA:262,31
DA:263,3
DA:264,3
DA:265,3
DA:266,3
DA:267,3
DA:268,3
DA:269,3
DA:270,3
DA:271,3
DA:273,3
DA:274,3
DA:277,3
DA:278,3
DA:279,3
DA:280,3
DA:283,3
DA:284,3
DA:285,3
DA:286,3
DA:287,3
DA:288,3
DA:295,3
DA:297,28
DA:298,28
DA:299,28
DA:300,28
DA:301,28
DA:302,28
DA:303,28
DA:305,28
DA:308,28
DA:309,28
DA:310,28
DA:311,28
DA:312,28
DA:314,28
DA:315,28
DA:316,28
DA:321,28
DA:322,28
DA:323,22
DA:325,31
DA:326,31
DA:327,31
DA:328,31
DA:332,31
DA:333,31
DA:334,31
DA:335,31
DA:336,31
DA:337,31
DA:338,31
DA:339,31
DA:340,31
DA:341,31
DA:344,31
DA:345,31
DA:346,1
DA:347,1
DA:348,1
DA:350,1
DA:351,1
DA:352,1
DA:353,1
DA:354,1
DA:355,1
DA:356,1
DA:357,1
DA:358,1
DA:359,1
DA:360,1
DA:361,0
DA:362,0
DA:363,0
DA:364,0
DA:365,0
DA:366,0
DA:367,0
DA:368,0
DA:369,1
DA:370,0
DA:371,0
DA:372,1
DA:373,31
DA:374,2
DA:375,2
DA:376,2
DA:377,2
DA:378,0
DA:379,0
DA:380,2
DA:381,2
DA:382,31
DA:385,31
DA:386,31
DA:387,31
DA:388,31
DA:389,31
DA:390,31
DA:391,31
DA:392,31
DA:395,31
DA:396,31
DA:397,31
DA:398,31
DA:399,31
DA:400,31
DA:401,31
DA:402,31
DA:405,31
DA:406,31
DA:407,31
DA:408,31
DA:409,31
DA:410,31
DA:411,31
DA:412,31
DA:420,31
DA:421,31
DA:424,31
DA:425,31
DA:426,31
DA:427,31
DA:428,31
DA:435,31
DA:436,31
DA:437,31
DA:438,31
DA:439,31
DA:441,31
DA:442,31
DA:443,31
DA:448,31
DA:449,31
DA:450,31
DA:453,31
DA:454,31
DA:456,31
DA:457,31
DA:459,31
DA:460,31
DA:463,31
DA:464,31
DA:470,31
DA:471,31
DA:474,31
DA:475,31
DA:476,31
DA:477,31
DA:478,31
DA:479,31
DA:486,31
LF:374
LH:332
BRDA:25,0,0,31
BRDA:70,1,0,5
BRDA:262,2,0,3
BRDA:262,3,0,3
BRDA:295,4,0,28
BRDA:322,5,0,22
BRDA:427,6,0,4
BRDA:427,7,0,3
BRDA:427,8,0,3
BRDA:436,9,0,1
BRDA:48,10,0,9
BRDA:49,11,0,5
BRDA:50,12,0,4
BRDA:51,13,0,1
BRDA:60,14,0,6
BRDA:61,15,0,11
BRDA:64,16,0,12
BRDA:65,17,0,2
BRDA:65,18,0,2
BRDA:75,19,0,1
BRDA:77,20,0,1
BRDA:100,21,0,1
BRDA:103,22,0,1
BRDA:117,23,0,1
BRDA:118,24,0,0
BRDA:128,25,0,0
BRDA:154,26,0,0
BRDA:162,27,0,0
BRDA:150,28,0,1
BRDA:168,29,0,1
BRDA:178,30,0,1
BRDA:179,31,0,0
BRDA:188,32,0,1
BRDA:202,33,0,0
BRDA:215,34,0,1
BRDA:216,35,0,0
BRDA:225,36,0,0
BRDA:256,37,0,0
BRDA:302,38,0,1
BRDA:344,39,0,6
BRDA:345,40,0,1
BRDA:356,41,0,0
BRDA:360,42,0,0
BRDA:369,43,0,0
BRDA:348,44,0,1
BRDA:373,45,0,2
BRDA:377,46,0,1
BRDA:377,47,0,0
BRDA:376,48,0,2
BRDA:425,49,0,1
BRF:50
BRH:37
end_of_record
TN:
SF:src/components/ItemPage.tsx
FN:30,ItemPageModal
FN:77,queryFn
FN:78,select
FN:82,queryFn
FN:83,select
FN:87,queryFn
FN:88,select
FN:92,mutationFn
FN:104,onSuccess
FN:114,onError
FN:121,handleFormChange
FN:143,handleSubmit
FN:274,onClick
FN:415,onChange
FN:436,onChange
FN:457,onChange
FN:536,onClick
FNF:17
FNH:12
FNDA:67,ItemPageModal
FNDA:4,queryFn
FNDA:66,select
FNDA:4,queryFn
FNDA:66,select
FNDA:4,queryFn
FNDA:66,select
FNDA:1,mutationFn
FNDA:1,onSuccess
FNDA:0,onError
FNDA:56,handleFormChange
FNDA:2,handleSubmit
FNDA:0,onClick
FNDA:0,onChange
FNDA:0,onChange
FNDA:0,onChange
FNDA:1,onClick
DA:1,1
DA:2,1
DA:19,1
DA:20,1
DA:21,1
DA:22,1
DA:30,1
DA:31,67
DA:32,67
DA:33,67
DA:34,67
DA:35,67
DA:36,67
DA:38,67
DA:39,67
DA:40,67
DA:41,67
DA:42,67
DA:43,67
DA:44,67
DA:45,67
DA:46,67
DA:47,67
DA:48,67
DA:49,67
DA:50,67
DA:51,67
DA:52,67
DA:53,67
DA:55,67
DA:57,67
DA:58,3
DA:59,1
DA:60,1
DA:61,1
DA:62,1
DA:63,1
DA:64,1
DA:65,1
DA:66,1
DA:67,1
DA:68,1
DA:69,1
DA:70,1
DA:71,1
DA:72,1
DA:73,67
DA:75,67
DA:76,67
DA:77,67
DA:78,67
DA:79,67
DA:80,67
DA:81,67
DA:82,67
DA:83,67
DA:84,67
DA:85,67
DA:86,67
DA:87,67
DA:88,67
DA:89,67
DA:91,67
DA:92,67
DA:93,1
DA:94,1
DA:95,0
DA:96,1
DA:97,1
DA:98,1
DA:99,1
DA:100,0
DA:101,0
DA:102,1
DA:103,1
DA:104,67
DA:105,1
DA:106,1
DA:107,1
DA:108,1
DA:109,1
DA:110,1
DA:111,1
DA:112,1
DA:113,1
DA:114,67
DA:115,0
DA:116,0
DA:117,0
DA:118,0
DA:119,67
DA:121,67
DA:122,56
DA:123,56
DA:124,56
DA:125,56
DA:126,56
DA:127,56
DA:128,56
DA:129,56
DA:130,56
DA:131,56
DA:132,11
DA:133,11
DA:134,11
DA:135,11
DA:136,11
DA:137,56
DA:138,56
DA:139,56
DA:140,56
DA:141,56
DA:143,67
DA:144,2
DA:145,2
DA:146,2
DA:147,0
DA:148,2
DA:149,2
DA:150,0
DA:151,2
DA:153,2
DA:154,2
DA:155,2
DA:156,1
DA:157,1
DA:158,1
DA:159,1
DA:160,1
DA:161,2
DA:162,1
DA:163,1
DA:164,1
DA:165,1
DA:166,2
DA:167,2
DA:168,2
DA:169,2
DA:170,2
DA:171,2
DA:172,2
DA:173,2
DA:174,2
DA:175,2
DA:176,2
DA:177,2
DA:178,2
DA:179,2
DA:180,2
DA:181,2
DA:182,2
DA:183,2
DA:184,2
DA:185,2
DA:187,67
DA:188,67
DA:189,67
DA:190,67
DA:191,67
DA:192,67
DA:193,67
DA:194,67
DA:195,67
DA:196,67
DA:197,67
DA:198,67
DA:199,67
DA:200,67
DA:201,67
DA:202,67
DA:203,67
DA:204,67
DA:205,67
DA:207,67
DA:208,67
DA:209,67
DA:210,67
DA:211,67
DA:212,67
DA:213,67
DA:217,67
DA:218,67
DA:219,67
DA:220,0
DA:221,0
DA:222,0
DA:223,0
DA:225,0
DA:227,0
DA:228,63
DA:229,63
DA:230,63
DA:231,63
DA:232,63
DA:233,63
DA:234,63
DA:235,63
DA:236,63
DA:237,63
DA:238,63
DA:239,63
DA:240,63
DA:241,63
DA:242,63
DA:243,63
DA:244,63
DA:249,63
DA:250,63
DA:251,63
DA:252,63
DA:253,63
DA:254,63
DA:255,63
DA:256,63
DA:257,63
DA:258,63
DA:262,63
DA:263,63
DA:264,63
DA:265,63
DA:266,63
DA:267,63
DA:268,63
DA:269,63
DA:270,63
DA:271,63
DA:272,63
DA:273,63
DA:274,63
DA:275,0
DA:276,0
DA:277,0
DA:278,0
DA:279,0
DA:280,0
DA:281,0
DA:282,0
DA:283,0
DA:284,0
DA:285,0
DA:286,63
DA:287,63
DA:288,63
DA:292,63
DA:293,63
DA:294,63
DA:295,63
DA:296,63
DA:297,63
DA:298,63
DA:299,63
DA:300,63
DA:301,63
DA:302,63
DA:303,63
DA:304,63
DA:305,63
DA:306,1
DA:307,62
DA:311,63
DA:312,63
DA:313,63
DA:314,63
DA:315,63
DA:316,63
DA:317,63
DA:318,63
DA:319,63
DA:320,63
DA:323,63
DA:324,63
DA:325,63
DA:326,63
DA:327,63
DA:328,63
DA:329,63
DA:330,63
DA:331,2
DA:333,63
DA:334,63
DA:335,63
DA:336,63
DA:337,63
DA:338,63
DA:339,63
DA:340,63
DA:341,2
DA:342,1
DA:343,62
DA:347,63
DA:348,63
DA:349,63
DA:350,63
DA:351,63
DA:352,63
DA:353,63
DA:354,63
DA:355,2
DA:357,63
DA:358,63
DA:359,63
DA:360,63
DA:361,63
DA:362,63
DA:363,63
DA:364,63
DA:365,2
DA:366,1
DA:367,62
DA:371,63
DA:372,63
DA:373,63
DA:374,63
DA:375,63
DA:376,63
DA:377,63
DA:378,63
DA:379,63
DA:380,63
DA:381,63
DA:382,63
DA:383,63
DA:384,63
DA:385,63
DA:386,0
DA:387,63
DA:391,63
DA:392,63
DA:393,63
DA:394,63
DA:395,63
DA:396,63
DA:397,63
DA:398,63
DA:399,63
DA:400,63
DA:401,63
DA:402,63
DA:403,63
DA:404,63
DA:405,63
DA:406,0
DA:407,63
DA:411,63
DA:412,63
DA:413,63
DA:414,63
DA:415,63
DA:416,0
DA:418,63
DA:419,63
DA:420,63
DA:421,63
DA:422,63
DA:423,63
DA:424,63
DA:425,63
DA:426,63
DA:429,63
DA:432,63
DA:433,63
DA:434,63
DA:435,63
DA:436,63
DA:437,0
DA:439,63
DA:440,63
DA:441,63
DA:442,63
DA:443,63
DA:444,63
DA:445,63
DA:446,63
DA:447,63
DA:450,63
DA:453,63
DA:454,63
DA:455,63
DA:456,63
DA:457,63
DA:458,0
DA:460,63
DA:461,63
DA:462,63
DA:463,63
DA:464,63
DA:465,63
DA:466,63
DA:467,63
DA:468,63
DA:471,63
DA:475,63
DA:476,63
DA:477,63
DA:478,63
DA:479,63
DA:481,63
DA:482,63
DA:483,63
DA:484,63
DA:485,63
DA:486,63
DA:489,63
DA:490,63
DA:491,63
DA:492,63
DA:493,63
DA:494,63
DA:495,63
DA:497,63
DA:502,67
DA:503,67
DA:504,67
DA:506,67
DA:507,67
DA:509,67
DA:510,67
DA:512,67
DA:513,67
DA:515,67
DA:516,67
DA:518,67
DA:519,67
DA:521,67
DA:522,67
DA:524,67
DA:525,67
DA:527,67
DA:528,67
DA:529,67
DA:530,67
DA:531,67
DA:533,67
DA:534,67
DA:535,67
DA:536,67
DA:537,67
DA:538,67
DA:539,67
DA:540,67
DA:543,67
DA:544,67
DA:545,67
DA:546,67
DA:547,67
DA:548,67
DA:549,67
DA:559,67
DA:561,1
LF:449
LH:418
BRDA:30,0,0,67
BRDA:42,1,0,4
BRDA:42,2,0,63
BRDA:43,3,0,4
BRDA:43,4,0,63
BRDA:44,5,0,4
BRDA:44,6,0,63
BRDA:45,7,0,4
BRDA:45,8,0,63
BRDA:46,9,0,4
BRDA:46,10,0,63
BRDA:47,11,0,4
BRDA:47,12,0,63
BRDA:48,13,0,4
BRDA:48,14,0,63
BRDA:49,15,0,4
BRDA:49,16,0,63
BRDA:50,17,0,4
BRDA:51,18,0,4
BRDA:51,19,0,63
BRDA:52,20,0,4
BRDA:52,21,0,63
BRDA:219,22,0,0
BRDA:227,23,0,63
BRDA:235,24,0,2
BRDA:244,25,0,2
BRDA:244,26,0,1
BRDA:244,27,0,62
BRDA:268,28,0,0
BRDA:297,29,0,2
BRDA:305,30,0,2
BRDA:306,31,0,1
BRDA:306,32,0,62
BRDA:330,33,0,2
BRDA:340,34,0,2
BRDA:341,35,0,1
BRDA:342,36,0,62
BRDA:354,37,0,2
BRDA:364,38,0,2
BRDA:365,39,0,1
BRDA:366,40,0,62
BRDA:377,41,0,2
BRDA:385,42,0,2
BRDA:385,43,0,0
BRDA:397,44,0,2
BRDA:405,45,0,2
BRDA:405,46,0,0
BRDA:413,47,0,2
BRDA:434,48,0,2
BRDA:455,49,0,2
BRDA:497,50,0,0
BRDA:57,51,0,3
BRDA:58,52,0,1
BRDA:60,53,0,0
BRDA:61,54,0,0
BRDA:62,55,0,0
BRDA:63,56,0,0
BRDA:64,57,0,0
BRDA:65,58,0,0
BRDA:66,59,0,0
BRDA:67,60,0,0
BRDA:68,61,0,0
BRDA:69,62,0,0
BRDA:70,63,0,0
BRDA:77,64,0,4
BRDA:78,65,0,66
BRDA:82,66,0,4
BRDA:83,67,0,66
BRDA:87,68,0,4
BRDA:88,69,0,66
BRDA:92,70,0,1
BRDA:94,71,0,0
BRDA:99,72,0,0
BRDA:104,73,0,1
BRDA:121,74,0,56
BRDA:131,75,0,11
BRDA:135,76,0,4
BRDA:137,77,0,56
BRDA:143,78,0,2
BRDA:146,79,0,0
BRDA:149,80,0,0
BRDA:154,81,0,1
BRDA:155,82,0,1
BRDA:156,83,0,1
BRDA:157,84,0,1
BRDA:158,85,0,1
BRDA:159,86,0,1
BRDA:161,87,0,1
BRDA:166,88,0,0
BRDA:167,89,0,0
BRDA:167,90,0,0
BRDA:170,91,0,0
BRDA:171,92,0,0
BRDA:175,93,0,0
BRDA:176,94,0,0
BRDA:182,95,0,0
BRDA:182,96,0,1
BRDA:536,97,0,1
BRF:98
BRH:70
end_of_record
TN:
SF:src/components/PdfViewer.tsx
FN:22,PdfViewer
FN:26,mutationFn
FN:32,onSuccess
FN:36,onError
FNF:4
FNH:3
FNDA:14,PdfViewer
FNDA:0,mutationFn
FNDA:3,onSuccess
FNDA:1,onError
DA:1,1
DA:2,1
DA:3,1
DA:4,1
DA:5,1
DA:8,1
DA:9,14
DA:10,14
DA:11,14
DA:12,14
DA:13,14
DA:14,14
DA:15,14
DA:22,1
DA:23,14
DA:25,14
DA:26,14
DA:27,0
DA:28,0
DA:29,0
DA:30,0
DA:31,0
DA:32,14
DA:33,3
DA:34,3
DA:35,3
DA:36,14
DA:37,1
DA:38,1
DA:39,1
DA:40,14
DA:42,14
DA:43,10
DA:44,6
DA:45,6
DA:46,14
DA:48,14
DA:49,14
DA:51,14
DA:52,14
DA:53,14
DA:57,14
DA:58,1
DA:59,1
DA:62,14
DA:63,14
DA:64,14
DA:65,14
DA:66,14
DA:67,14
DA:68,14
DA:69,14
DA:70,14
DA:71,14
DA:72,14
DA:73,14
DA:74,14
DA:77,14
DA:78,14
DA:79,14
DA:80,14
DA:81,14
DA:82,14
DA:83,14
DA:84,14
DA:85,14
DA:86,14
DA:87,14
DA:88,14
DA:97,14
DA:99,1
LF:71
LH:66
BRDA:8,0,0,14
BRDA:22,1,0,14
BRDA:48,2,0,0
BRDA:57,3,0,1
BRDA:32,4,0,3
BRDA:36,5,0,1
BRDA:42,6,0,10
BRDA:43,7,0,6
BRF:8
BRH:7
end_of_record
TN:
SF:src/components/PriceCheckModal.tsx
FN:23,PriceCheckModal
FN:49,handleCancel
FN:56,handleSearchChange
FN:66,handleSearch
FN:90,onKeyDown
FN:115,onClose
FNF:6
FNH:6
FNDA:16,PriceCheckModal
FNDA:1,handleCancel
FNDA:3,handleSearchChange
FNDA:3,handleSearch
FNDA:3,onKeyDown
FNDA:1,onClose
DA:1,1
DA:2,1
DA:12,1
DA:13,1
DA:14,1
DA:15,1
DA:16,1
DA:23,1
DA:24,16
DA:25,16
DA:26,16
DA:27,16
DA:28,16
DA:29,16
DA:30,16
DA:31,16
DA:35,16
DA:36,16
DA:37,16
DA:38,16
DA:39,16
DA:40,16
DA:42,16
DA:43,6
DA:44,1
DA:45,1
DA:46,1
DA:47,16
DA:49,16
DA:50,1
DA:51,1
DA:52,1
DA:53,1
DA:54,1
DA:56,16
DA:57,3
DA:58,3
DA:59,16
DA:60,6
DA:61,5
DA:62,5
DA:63,5
DA:64,16
DA:66,16
DA:67,3
DA:68,3
DA:70,3
DA:71,2
DA:72,2
DA:73,2
DA:74,2
DA:75,2
DA:76,1
DA:77,1
DA:78,1
DA:79,3
DA:80,16
DA:81,16
DA:82,16
DA:83,16
DA:84,16
DA:85,16
DA:86,16
DA:87,16
DA:88,16
DA:89,16
DA:90,16
DA:92,3
DA:93,3
DA:94,3
DA:95,3
DA:96,16
DA:97,16
DA:98,16
DA:103,16
DA:104,16
DA:105,16
DA:106,16
DA:109,16
DA:111,16
DA:113,16
DA:114,16
DA:115,16
DA:116,1
DA:117,1
DA:118,16
DA:123,16
DA:125,1
DA:128,1
DA:129,1
DA:130,1
DA:131,1
DA:132,1
DA:133,1
DA:134,1
DA:135,1
DA:136,1
DA:138,1
DA:139,1
DA:140,1
DA:141,1
DA:142,1
DA:143,1
DA:144,1
DA:145,1
LF:105
LH:105
BRDA:23,0,0,16
BRDA:42,1,0,6
BRDA:43,2,0,1
BRDA:49,3,0,1
BRDA:56,4,0,3
BRDA:59,5,0,6
BRDA:60,6,0,5
BRDA:66,7,0,3
BRDA:70,8,0,2
BRDA:75,9,0,1
BRDA:68,10,0,4
BRDA:90,11,0,3
BRDA:115,12,0,1
BRF:13
BRH:13
end_of_record
TN:
SF:src/components/SlackNotificationTester.tsx
FN:19,SlackNotificationTester
FN:33,handleSendCustomMessage
FN:46,handleTestBuildReady
FN:64,handleTestInspectionComplete
FN:83,handleTestIntegration
FN:96,clearResults
FN:138,onChange
FNF:7
FNH:6
FNDA:22,SlackNotificationTester
FNDA:3,handleSendCustomMessage
FNDA:2,handleTestBuildReady
FNDA:1,handleTestInspectionComplete
FNDA:1,handleTestIntegration
FNDA:0,clearResults
FNDA:3,onChange
DA:1,1
DA:2,1
DA:13,1
DA:15,1
DA:18,1
DA:19,1
DA:20,22
DA:21,22
DA:22,22
DA:24,22
DA:25,22
DA:26,22
DA:27,22
DA:28,22
DA:29,22
DA:30,22
DA:31,22
DA:33,22
DA:34,3
DA:36,3
DA:37,3
DA:38,3
DA:39,2
DA:40,2
DA:41,2
DA:42,1
DA:43,1
DA:44,3
DA:46,22
DA:47,2
DA:48,2
DA:49,2
DA:50,2
DA:51,2
DA:52,2
DA:53,2
DA:55,2
DA:56,2
DA:57,0
DA:59,2
DA:60,0
DA:61,0
DA:62,2
DA:64,22
DA:65,1
DA:66,1
DA:67,1
DA:68,1
DA:69,1
DA:70,1
DA:71,1
DA:72,1
DA:74,1
DA:75,1
DA:76,0
DA:78,1
DA:79,0
DA:80,0
DA:81,1
DA:83,22
DA:84,1
DA:85,1
DA:86,1
DA:87,1
DA:88,1
DA:89,0
DA:91,1
DA:92,0
DA:93,0
DA:94,1
DA:96,22
DA:97,0
DA:98,0
DA:99,0
DA:101,22
DA:102,22
DA:103,22
DA:104,22
DA:108,22
DA:113,22
DA:114,22
DA:117,22
DA:118,22
DA:119,22
DA:120,22
DA:121,22
DA:122,22
DA:124,22
DA:128,22
DA:131,22
DA:132,22
DA:135,22
DA:136,22
DA:137,22
DA:138,22
DA:139,22
DA:140,22
DA:141,22
DA:142,22
DA:143,22
DA:145,22
DA:146,22
DA:147,22
DA:148,22
DA:149,22
DA:151,22
DA:155,22
DA:158,22
DA:159,22
DA:163,22
DA:164,22
DA:165,22
DA:166,22
DA:167,22
DA:168,22
DA:170,22
DA:173,22
DA:174,22
DA:175,22
DA:176,22
DA:177,22
DA:179,22
DA:185,22
DA:186,22
DA:187,22
DA:188,22
DA:189,22
DA:190,22
DA:193,22
DA:198,22
DA:199,22
DA:200,22
DA:204,22
DA:205,22
DA:206,22
DA:214,22
DA:215,22
DA:216,22
DA:217,22
DA:218,22
DA:220,22
DA:222,22
DA:224,22
DA:226,22
DA:233,22
DA:235,1
LF:146
LH:134
BRDA:19,0,0,22
BRDA:124,1,0,0
BRDA:151,2,0,0
BRDA:170,3,0,0
BRDA:179,4,0,0
BRDA:185,5,0,12
BRDA:185,6,0,10
BRDA:204,7,0,11
BRDA:206,8,0,1
BRDA:33,9,0,3
BRDA:34,10,0,0
BRDA:38,11,0,2
BRDA:41,12,0,1
BRDA:42,13,0,0
BRDA:46,14,0,2
BRDA:56,15,0,0
BRDA:59,16,0,0
BRDA:64,17,0,1
BRDA:75,18,0,0
BRDA:78,19,0,0
BRDA:83,20,0,1
BRDA:89,21,0,0
BRDA:91,22,0,0
BRDA:138,23,0,3
BRF:24
BRH:12
end_of_record
TN:
SF:src/components/TransactionsLogModal.tsx
FN:17,TransactionsLogModal
FN:23,queryFn
FN:27,select
FN:39,handleOpen
FN:40,handleClose
FNF:5
FNH:4
FNDA:31,TransactionsLogModal
FNDA:1,queryFn
FNDA:0,select
FNDA:11,handleOpen
FNDA:2,handleClose
DA:1,1
DA:2,1
DA:9,1
DA:10,1
DA:11,1
DA:17,1
DA:18,31
DA:19,31
DA:20,31
DA:21,31
DA:22,31
DA:23,31
DA:24,1
DA:25,1
DA:26,1
DA:27,31
DA:28,0
DA:29,0
DA:30,0
DA:31,31
DA:33,31
DA:34,18
DA:35,1
DA:36,1
DA:37,31
DA:39,31
DA:40,31
DA:42,31
DA:43,31
DA:44,31
DA:45,31
DA:46,31
DA:47,31
DA:48,31
DA:49,31
DA:52,31
DA:53,31
DA:54,31
DA:55,31
DA:56,31
DA:57,31
DA:58,31
DA:59,31
DA:60,31
DA:61,31
DA:63,31
DA:66,31
DA:67,10
DA:69,31
DA:70,31
DA:71,31
DA:72,31
DA:73,31
DA:74,31
DA:84,31
DA:86,1
LF:56
LH:53
BRDA:17,0,0,31
BRDA:66,1,0,10
BRDA:23,2,0,1
BRDA:33,3,0,18
BRDA:34,4,0,1
BRDA:39,5,0,11
BRDA:40,6,0,2
BRF:7
BRH:7
end_of_record
TN:
SF:src/components/WhiteboardEntryModal.tsx
FN:38,WhiteboardEntryModal
FN:54,queryFn
FN:57,select
FN:66,mutationFn
FN:67,onSuccess
FN:72,onError
FN:79,mutationFn
FN:86,onSuccess
FN:91,onError
FN:98,mutationFn
FN:99,onSuccess
FN:105,onError
FN:128,valueGetter
FN:142,valueGetter
FN:158,valueGetter
FN:173,valueGetter
FN:189,valueGetter
FN:204,onCellClicked
FN:221,onCellClicked
FN:245,isCellEditable
FN:259,editable
FN:267,cellStyle
FN:278,onCellValueChanged
FN:300,handleAddPart
FN:376,cellRenderer
FN:410,onQuantityChange
FNF:26
FNH:24
FNDA:17,WhiteboardEntryModal
FNDA:3,queryFn
FNDA:1,select
FNDA:1,mutationFn
FNDA:1,onSuccess
FNDA:1,onError
FNDA:1,mutationFn
FNDA:1,onSuccess
FNDA:1,onError
FNDA:1,mutationFn
FNDA:1,onSuccess
FNDA:1,onError
FNDA:2,valueGetter
FNDA:2,valueGetter
FNDA:2,valueGetter
FNDA:2,valueGetter
FNDA:2,valueGetter
FNDA:1,onCellClicked
FNDA:1,onCellClicked
FNDA:3,isCellEditable
FNDA:2,editable
FNDA:1,cellStyle
FNDA:1,onCellValueChanged
FNDA:1,handleAddPart
FNDA:0,cellRenderer
FNDA:0,onQuantityChange
DA:1,1
DA:2,1
DA:19,1
DA:20,1
DA:21,1
DA:22,1
DA:23,1
DA:24,1
DA:25,1
DA:38,1
DA:39,17
DA:40,17
DA:41,17
DA:42,17
DA:43,17
DA:44,17
DA:45,17
DA:46,17
DA:48,17
DA:49,17
DA:50,17
DA:52,17
DA:53,17
DA:54,17
DA:55,3
DA:56,3
DA:57,17
DA:58,1
DA:59,1
DA:60,1
DA:62,1
DA:63,17
DA:65,17
DA:66,17
DA:67,17
DA:68,1
DA:69,1
DA:70,1
DA:71,1
DA:72,17
DA:73,1
DA:74,1
DA:75,1
DA:76,17
DA:78,17
DA:79,17
DA:80,1
DA:81,1
DA:82,1
DA:83,1
DA:84,1
DA:85,1
DA:86,17
DA:87,1
DA:88,1
DA:89,1
DA:90,1
DA:91,17
DA:92,1
DA:93,1
DA:94,1
DA:95,17
DA:97,17
DA:98,17
DA:99,17
DA:100,1
DA:101,1
DA:102,1
DA:104,1
DA:105,17
DA:106,1
DA:107,1
DA:108,1
DA:109,17
DA:111,17
DA:112,16
DA:113,1
DA:114,1
DA:115,1
DA:116,17
DA:118,17
DA:119,8
DA:120,8
DA:121,8
DA:122,17
DA:123,17
DA:124,9
DA:125,9
DA:126,9
DA:127,9
DA:128,9
DA:129,2
DA:130,2
DA:131,1
DA:132,2
DA:133,2
DA:134,2
DA:135,0
DA:136,0
DA:137,0
DA:138,2
DA:139,9
DA:140,9
DA:141,9
DA:142,9
DA:143,2
DA:144,2
DA:145,1
DA:146,2
DA:147,2
DA:148,2
DA:149,0
DA:150,0
DA:151,0
DA:152,2
DA:153,9
DA:154,9
DA:155,9
DA:156,9
DA:157,9
DA:158,9
DA:159,2
DA:160,2
DA:161,1
DA:162,2
DA:163,2
DA:164,2
DA:165,0
DA:166,0
DA:167,0
DA:168,2
DA:169,9
DA:170,9
DA:171,9
DA:172,9
DA:173,9
DA:174,2
DA:175,2
DA:176,1
DA:177,2
DA:178,2
DA:179,2
DA:180,0
DA:181,0
DA:182,0
DA:183,2
DA:185,9
DA:186,9
DA:187,9
DA:188,9
DA:189,9
DA:190,2
DA:191,2
DA:192,1
DA:193,2
DA:194,2
DA:195,2
DA:196,0
DA:197,0
DA:198,0
DA:199,2
DA:200,9
DA:201,9
DA:202,9
DA:203,9
DA:204,9
DA:205,1
DA:206,1
DA:207,1
DA:208,1
DA:209,1
DA:210,1
DA:211,0
DA:212,0
DA:213,0
DA:214,1
DA:215,9
DA:216,9
DA:217,9
DA:218,9
DA:219,9
DA:220,9
DA:221,9
DA:222,1
DA:223,1
DA:224,1
DA:225,1
DA:226,1
DA:227,0
DA:228,0
DA:229,0
DA:230,1
DA:231,9
DA:233,9
DA:234,9
DA:236,9
DA:237,9
DA:238,9
DA:241,9
DA:242,9
DA:243,9
DA:244,9
DA:245,9
DA:246,3
DA:247,3
DA:248,3
DA:249,3
DA:250,3
DA:251,3
DA:252,0
DA:253,0
DA:254,0
DA:256,3
DA:257,9
DA:258,9
DA:259,9
DA:260,2
DA:261,2
DA:262,2
DA:263,0
DA:264,0
DA:265,0
DA:266,2
DA:267,9
DA:268,1
DA:269,1
DA:270,1
DA:271,1
DA:272,1
DA:273,1
DA:274,0
DA:275,0
DA:276,0
DA:277,1
DA:278,9
DA:279,1
DA:280,1
DA:281,1
DA:282,1
DA:283,1
DA:284,1
DA:285,1
DA:286,1
DA:287,1
DA:288,1
DA:289,1
DA:290,1
DA:291,1
DA:292,1
DA:293,0
DA:294,0
DA:295,0
DA:296,1
DA:297,9
DA:298,9
DA:300,9
DA:301,1
DA:302,1
DA:303,1
DA:304,1
DA:306,1
DA:307,0
DA:308,0
DA:310,1
DA:311,1
DA:312,1
DA:313,1
DA:314,1
DA:315,1
DA:316,1
DA:318,1
DA:319,1
DA:320,1
DA:321,0
DA:322,0
DA:323,0
DA:324,1
DA:328,9
DA:329,9
DA:330,9
DA:331,9
DA:332,9
DA:333,9
DA:334,9
DA:335,9
DA:336,9
DA:337,9
DA:338,17
DA:339,17
DA:340,17
DA:341,17
DA:342,17
DA:343,17
DA:344,17
DA:350,17
DA:351,17
DA:352,17
DA:353,17
DA:354,17
DA:355,17
DA:356,17
DA:357,17
DA:358,17
DA:359,17
DA:360,17
DA:362,17
DA:363,17
DA:364,17
DA:365,17
DA:366,17
DA:367,17
DA:368,17
DA:369,17
DA:370,17
DA:371,17
DA:372,17
DA:373,17
DA:374,17
DA:375,17
DA:376,17
DA:377,0
DA:378,0
DA:379,0
DA:380,0
DA:381,0
DA:382,0
DA:383,0
DA:384,0
DA:386,0
DA:387,0
DA:389,0
DA:392,0
DA:393,17
DA:394,17
DA:395,17
DA:396,17
DA:397,17
DA:398,17
DA:399,17
DA:400,17
DA:401,17
DA:402,17
DA:403,17
DA:404,17
DA:405,17
DA:406,17
DA:407,17
DA:408,17
DA:409,17
DA:410,17
DA:411,17
DA:415,17
DA:416,17
DA:426,17
DA:428,1
LF:355
LH:305
BRDA:38,0,0,17
BRDA:118,1,0,8
BRDA:118,2,0,8
BRDA:123,3,0,9
BRDA:337,4,0,0
BRDA:54,5,0,3
BRDA:57,6,0,1
BRDA:59,7,0,0
BRDA:60,8,0,0
BRDA:66,9,0,1
BRDA:67,10,0,1
BRDA:72,11,0,1
BRDA:79,12,0,1
BRDA:86,13,0,1
BRDA:91,14,0,1
BRDA:98,15,0,1
BRDA:99,16,0,1
BRDA:105,17,0,1
BRDA:111,18,0,16
BRDA:112,19,0,1
BRDA:128,20,0,2
BRDA:130,21,0,1
BRDA:130,22,0,1
BRDA:132,23,0,0
BRDA:134,24,0,0
BRDA:142,25,0,2
BRDA:144,26,0,1
BRDA:144,27,0,1
BRDA:146,28,0,0
BRDA:148,29,0,0
BRDA:158,30,0,2
BRDA:160,31,0,1
BRDA:160,32,0,1
BRDA:162,33,0,0
BRDA:164,34,0,0
BRDA:173,35,0,2
BRDA:175,36,0,1
BRDA:175,37,0,1
BRDA:177,38,0,0
BRDA:179,39,0,0
BRDA:189,40,0,2
BRDA:191,41,0,1
BRDA:191,42,0,1
BRDA:193,43,0,1
BRDA:193,44,0,0
BRDA:195,45,0,0
BRDA:204,46,0,1
BRDA:208,47,0,0
BRDA:210,48,0,0
BRDA:221,49,0,1
BRDA:224,50,0,0
BRDA:226,51,0,0
BRDA:245,52,0,3
BRDA:248,53,0,0
BRDA:251,54,0,0
BRDA:259,55,0,2
BRDA:262,56,0,0
BRDA:267,57,0,1
BRDA:273,58,0,0
BRDA:278,59,0,1
BRDA:292,60,0,0
BRDA:300,61,0,1
BRDA:306,62,0,0
BRDA:320,63,0,0
BRF:64
BRH:40
end_of_record
TN:
SF:src/components/AuthPrompt/AuthPrompt.tsx
FN:20,AuthPrompt
FN:73,handleSubmit
FN:118,onKeyDown
FN:121,onChange
FNF:4
FNH:4
FNDA:21,AuthPrompt
FNDA:3,handleSubmit
FNDA:1,onKeyDown
FNDA:3,onChange
DA:1,1
DA:2,1
DA:14,1
DA:16,1
DA:18,1
DA:20,1
DA:21,21
DA:24,21
DA:25,21
DA:26,21
DA:28,21
DA:29,21
DA:30,21
DA:32,21
DA:33,21
DA:34,8
DA:35,2
DA:36,2
DA:37,8
DA:38,6
DA:39,6
DA:40,21
DA:42,21
DA:43,21
DA:44,6
DA:45,21
DA:47,21
DA:48,7
DA:49,1
DA:50,1
DA:51,1
DA:52,1
DA:53,21
DA:55,21
DA:56,21
DA:57,6
DA:58,1
DA:59,6
DA:61,6
DA:62,21
DA:64,21
DA:65,21
DA:66,21
DA:67,10
DA:68,0
DA:69,0
DA:70,0
DA:71,21
DA:73,21
DA:74,3
DA:75,3
DA:76,3
DA:77,3
DA:79,3
DA:80,3
DA:82,21
DA:83,21
DA:84,21
DA:85,21
DA:86,21
DA:87,21
DA:88,21
DA:89,21
DA:90,21
DA:91,21
DA:93,21
DA:94,21
DA:95,21
DA:100,21
DA:101,21
DA:102,21
DA:103,21
DA:104,21
DA:105,21
DA:106,21
DA:107,21
DA:108,21
DA:109,21
DA:110,21
DA:111,21
DA:112,21
DA:113,1
DA:114,20
DA:115,14
DA:116,6
DA:118,21
DA:119,1
DA:120,1
DA:121,21
DA:124,21
DA:125,21
DA:132,21
LF:92
LH:89
BRDA:20,0,0,21
BRDA:90,1,0,20
BRDA:90,2,0,1
BRDA:95,3,0,4
BRDA:95,4,0,17
BRDA:112,5,0,1
BRDA:113,6,0,20
BRDA:114,7,0,14
BRDA:115,8,0,6
BRDA:33,9,0,8
BRDA:34,10,0,2
BRDA:34,11,0,2
BRDA:37,12,0,6
BRDA:43,13,0,6
BRDA:47,14,0,7
BRDA:48,15,0,1
BRDA:49,16,0,0
BRDA:56,17,0,6
BRDA:57,18,0,1
BRDA:58,19,0,1
BRDA:58,20,0,0
BRDA:61,21,0,6
BRDA:66,22,0,10
BRDA:67,23,0,0
BRDA:73,24,0,3
BRDA:118,25,0,1
BRDA:121,26,0,3
BRF:27
BRH:24
end_of_record
TN:
SF:src/components/BikeTransactionSteps/BuildStep.tsx
FN:149,BuildStep
FN:158,queryFn
FN:163,select
FN:169,queryFn
FN:201,initializeBuildTasks
FN:355,handleTaskToggle
FN:500,handleNotesChange
FN:537,handleStartBuild
FN:577,handleAdvanceStep
FN:728,onClick
FN:736,children.children.onChange
FNF:11
FNH:7
FNDA:16,BuildStep
FNDA:8,queryFn
FNDA:14,select
FNDA:5,queryFn
FNDA:8,initializeBuildTasks
FNDA:0,handleTaskToggle
FNDA:0,handleNotesChange
FNDA:1,handleStartBuild
FNDA:1,handleAdvanceStep
FNDA:0,onClick
FNDA:0,children.children.onChange
DA:1,1
DA:2,1
DA:17,1
DA:18,1
DA:24,1
DA:25,1
DA:26,1
DA:27,1
DA:28,1
DA:29,1
DA:30,1
DA:32,1
DA:33,1
DA:34,1
DA:35,1
DA:36,1
DA:37,1
DA:38,1
DA:39,1
DA:40,1
DA:41,1
DA:42,1
DA:43,1
DA:44,1
DA:45,1
DA:46,1
DA:47,1
DA:48,1
DA:49,1
DA:50,1
DA:51,1
DA:52,1
DA:53,1
DA:54,1
DA:55,1
DA:56,1
DA:57,1
DA:58,1
DA:59,1
DA:60,1
DA:61,1
DA:62,1
DA:63,1
DA:64,1
DA:65,1
DA:66,1
DA:67,1
DA:68,1
DA:69,1
DA:70,1
DA:71,1
DA:72,1
DA:73,1
DA:74,1
DA:75,1
DA:76,1
DA:77,1
DA:78,1
DA:79,1
DA:80,1
DA:81,1
DA:82,1
DA:83,1
DA:84,1
DA:85,1
DA:86,1
DA:87,1
DA:88,1
DA:89,1
DA:90,1
DA:91,1
DA:92,1
DA:93,1
DA:94,1
DA:95,1
DA:96,1
DA:97,1
DA:98,1
DA:99,1
DA:100,1
DA:101,1
DA:102,1
DA:103,1
DA:104,1
DA:105,1
DA:106,1
DA:107,1
DA:108,1
DA:109,1
DA:110,1
DA:111,1
DA:112,1
DA:113,1
DA:114,1
DA:115,1
DA:116,1
DA:117,1
DA:118,1
DA:119,1
DA:120,1
DA:121,1
DA:122,1
DA:123,1
DA:124,1
DA:125,1
DA:126,1
DA:127,1
DA:128,1
DA:129,1
DA:130,1
DA:131,1
DA:132,1
DA:133,1
DA:134,1
DA:135,1
DA:136,1
DA:137,1
DA:138,1
DA:139,1
DA:140,1
DA:141,1
DA:142,1
DA:143,1
DA:149,1
DA:150,16
DA:151,16
DA:152,16
DA:153,16
DA:155,16
DA:156,16
DA:157,16
DA:158,16
DA:159,8
DA:160,8
DA:161,0
DA:162,16
DA:163,16
DA:164,16
DA:166,16
DA:167,16
DA:168,16
DA:169,16
DA:170,5
DA:171,5
DA:172,0
DA:173,16
DA:174,16
DA:176,16
DA:177,16
DA:178,16
DA:181,16
DA:182,16
DA:183,16
DA:185,16
DA:186,16
DA:187,10
DA:188,4
DA:189,4
DA:190,16
DA:192,16
DA:193,16
DA:194,9
DA:195,9
DA:196,9
DA:197,16
DA:199,16
DA:200,16
DA:201,8
DA:202,8
DA:204,6
DA:206,8
DA:207,2
DA:208,2
DA:209,2
DA:211,2
DA:212,2
DA:213,21
DA:214,21
DA:215,21
DA:216,21
DA:217,21
DA:218,21
DA:219,20
DA:220,20
DA:221,21
DA:222,1
DA:223,1
DA:224,1
DA:225,21
DA:226,21
DA:228,2
DA:229,2
DA:231,2
DA:232,2
DA:233,2
DA:234,2
DA:236,2
DA:237,2
DA:238,1
DA:239,1
DA:241,1
DA:242,1
DA:243,1
DA:244,1
DA:245,1
DA:246,1
DA:247,1
DA:249,1
DA:250,1
DA:252,1
DA:253,1
DA:256,1
DA:257,1
DA:260,1
DA:261,1
DA:262,1
DA:263,1
DA:264,1
DA:265,0
DA:266,0
DA:267,0
DA:269,0
DA:270,1
DA:272,2
DA:273,2
DA:274,2
DA:275,38
DA:276,38
DA:278,38
DA:279,38
DA:280,38
DA:281,20
DA:282,18
DA:283,38
DA:284,38
DA:287,2
DA:288,2
DA:289,2
DA:292,2
DA:293,2
DA:294,2
DA:297,2
DA:298,1
DA:299,1
DA:300,1
DA:301,1
DA:302,18
DA:303,18
DA:304,18
DA:305,18
DA:306,18
DA:307,18
DA:312,1
DA:314,1
DA:315,1
DA:316,1
DA:317,1
DA:318,1
DA:319,0
DA:320,0
DA:321,1
DA:322,8
DA:323,2
DA:324,2
DA:325,2
DA:326,2
DA:327,38
DA:328,38
DA:329,38
DA:330,38
DA:331,38
DA:332,38
DA:337,2
DA:338,2
DA:339,2
DA:340,2
DA:341,2
DA:342,0
DA:343,0
DA:344,2
DA:345,8
DA:347,8
DA:349,8
DA:350,8
DA:351,1
DA:352,1
DA:353,16
DA:355,16
DA:356,0
DA:357,0
DA:358,0
DA:359,0
DA:360,0
DA:362,0
DA:363,0
DA:365,0
DA:366,0
DA:368,0
DA:369,0
DA:370,0
DA:371,0
DA:372,0
DA:374,0
DA:376,0
DA:377,0
DA:378,0
DA:379,0
DA:383,0
DA:384,0
DA:385,0
DA:386,0
DA:388,0
DA:389,0
DA:390,0
DA:391,0
DA:392,0
DA:393,0
DA:394,0
DA:396,0
DA:398,0
DA:400,0
DA:401,0
DA:402,0
DA:403,0
DA:404,0
DA:405,0
DA:406,0
DA:408,0
DA:409,0
DA:410,0
DA:412,0
DA:413,0
DA:414,0
DA:415,0
DA:416,0
DA:417,0
DA:419,0
DA:420,0
DA:421,0
DA:422,0
DA:423,0
DA:424,0
DA:425,0
DA:427,0
DA:428,0
DA:429,0
DA:431,0
DA:432,0
DA:433,0
DA:434,0
DA:435,0
DA:436,0
DA:437,0
DA:438,0
DA:439,0
DA:441,0
DA:442,0
DA:444,0
DA:445,0
DA:446,0
DA:447,0
DA:449,0
DA:450,0
DA:451,0
DA:453,0
DA:454,0
DA:456,0
DA:457,0
DA:458,0
DA:460,0
DA:461,0
DA:462,0
DA:463,0
DA:464,0
DA:465,0
DA:466,0
DA:467,0
DA:468,0
DA:470,0
DA:471,0
DA:472,0
DA:473,0
DA:474,0
DA:476,0
DA:477,0
DA:478,0
DA:479,0
DA:480,0
DA:481,0
DA:483,0
DA:484,0
DA:485,0
DA:486,0
DA:487,0
DA:488,0
DA:489,0
DA:490,0
DA:491,0
DA:492,0
DA:493,0
DA:494,0
DA:497,0
DA:498,0
DA:500,16
DA:501,0
DA:503,0
DA:505,0
DA:506,0
DA:507,0
DA:508,0
DA:509,0
DA:510,0
DA:511,0
DA:512,0
DA:513,0
DA:514,0
DA:515,0
DA:516,0
DA:517,0
DA:518,0
DA:519,0
DA:520,0
DA:521,0
DA:522,0
DA:523,0
DA:524,0
DA:525,0
DA:527,0
DA:528,0
DA:529,0
DA:530,0
DA:531,0
DA:532,0
DA:533,0
DA:534,0
DA:535,0
DA:537,16
DA:538,1
DA:540,1
DA:541,1
DA:542,1
DA:543,1
DA:544,1
DA:545,1
DA:546,1
DA:547,1
DA:548,1
DA:549,0
DA:550,1
DA:551,1
DA:552,1
DA:553,1
DA:554,1
DA:555,1
DA:556,1
DA:557,1
DA:558,1
DA:559,1
DA:560,1
DA:562,1
DA:563,1
DA:564,1
DA:565,1
DA:567,1
DA:568,1
DA:569,1
DA:571,1
DA:572,1
DA:573,0
DA:574,0
DA:575,1
DA:577,16
DA:578,1
DA:579,1
DA:580,1
DA:581,1
DA:582,1
DA:585,1
DA:586,1
DA:587,1
DA:588,0
DA:589,1
DA:590,1
DA:591,0
DA:592,0
DA:594,1
DA:595,1
DA:596,1
DA:597,1
DA:598,1
DA:599,1
DA:600,1
DA:602,1
DA:603,1
DA:604,1
DA:605,1
DA:606,0
DA:607,0
DA:609,0
DA:610,1
DA:611,1
DA:612,0
DA:613,0
DA:614,1
DA:616,1
DA:617,1
DA:618,1
DA:619,1
DA:620,1
DA:622,16
DA:623,16
DA:624,16
DA:625,16
DA:626,16
DA:628,16
DA:629,16
DA:630,16
DA:631,16
DA:635,16
DA:636,16
DA:637,12
DA:638,4
DA:642,16
DA:643,16
DA:644,16
DA:645,16
DA:648,16
DA:653,16
DA:654,16
DA:655,16
DA:656,16
DA:657,16
DA:658,16
DA:659,16
DA:660,16
DA:668,16
DA:669,16
DA:670,16
DA:671,16
DA:672,16
DA:673,16
DA:674,16
DA:675,16
DA:676,16
DA:678,16
DA:679,16
DA:680,16
DA:684,16
DA:685,16
DA:686,16
DA:687,16
DA:690,16
DA:691,16
DA:692,16
DA:693,16
DA:700,16
DA:701,16
DA:702,16
DA:703,16
DA:704,16
DA:705,16
DA:706,16
DA:707,16
DA:708,16
DA:710,16
DA:711,16
DA:712,16
DA:718,16
DA:719,16
DA:720,16
DA:721,16
DA:722,16
DA:723,16
DA:724,16
DA:725,16
DA:726,16
DA:727,16
DA:728,16
DA:731,16
DA:732,16
DA:733,16
DA:734,16
DA:735,16
DA:736,76
DA:737,228
DA:739,16
DA:740,16
DA:741,16
DA:744,16
DA:745,16
DA:746,16
DA:747,16
DA:748,16
DA:749,16
DA:750,16
DA:759,16
DA:760,16
DA:761,16
DA:764,16
DA:765,16
DA:766,16
DA:767,16
DA:768,16
DA:775,16
DA:776,16
DA:777,16
DA:780,16
DA:784,16
DA:785,16
DA:786,16
DA:787,16
DA:788,16
DA:789,16
DA:796,16
DA:797,16
DA:798,16
DA:805,16
DA:807,16
DA:808,16
DA:809,16
DA:810,16
DA:811,16
DA:812,16
DA:814,16
DA:815,16
DA:819,16
DA:820,16
DA:821,16
DA:822,16
DA:823,16
DA:824,16
DA:830,16
LF:632
LH:464
BRDA:149,0,0,16
BRDA:197,1,0,7
BRDA:353,2,0,14
BRDA:636,3,0,12
BRDA:637,4,0,4
BRDA:693,5,0,6
BRDA:700,6,0,4
BRDA:700,7,0,12
BRDA:766,8,0,4
BRDA:158,9,0,8
BRDA:160,10,0,0
BRDA:163,11,0,14
BRDA:169,12,0,5
BRDA:171,13,0,0
BRDA:178,14,0,304
BRDA:186,15,0,10
BRDA:187,16,0,8
BRDA:187,17,0,4
BRDA:193,18,0,9
BRDA:195,19,0,4
BRDA:196,20,0,8
BRDA:194,21,0,153
BRDA:200,22,0,8
BRDA:350,23,0,3
BRDA:350,24,0,1
BRDA:201,25,0,8
BRDA:202,26,0,6
BRDA:202,27,0,2
BRDA:202,28,0,6
BRDA:206,29,0,4
BRDA:206,30,0,2
BRDA:212,31,0,21
BRDA:218,32,0,20
BRDA:221,33,0,1
BRDA:237,34,0,1
BRDA:264,35,0,0
BRDA:297,36,0,1
BRDA:318,37,0,0
BRDA:322,38,0,4
BRDA:322,39,0,2
BRDA:341,40,0,0
BRDA:204,41,0,114
BRDA:243,42,0,1
BRDA:273,43,0,2
BRDA:274,44,0,38
BRDA:280,45,0,20
BRDA:281,46,0,1
BRDA:281,47,0,18
BRDA:276,48,0,209
BRDA:289,49,0,38
BRDA:294,50,0,18
BRDA:301,51,0,18
BRDA:326,52,0,38
BRDA:537,53,0,1
BRDA:538,54,0,0
BRDA:549,55,0,0
BRDA:572,56,0,0
BRDA:577,57,0,1
BRDA:587,58,0,0
BRDA:587,59,0,0
BRDA:587,60,0,0
BRDA:590,61,0,0
BRDA:591,62,0,0
BRDA:596,63,0,0
BRDA:600,64,0,0
BRDA:600,65,0,0
BRDA:602,66,0,1
BRDA:605,67,0,0
BRDA:623,68,0,304
BRDA:724,69,0,76
BRDA:724,70,0,228
BRDA:725,71,0,76
BRDA:725,72,0,228
BRDA:728,73,0,76
BRDA:728,74,0,228
BRDA:735,75,0,76
BRDA:736,76,0,228
BRDA:748,77,0,38
BRDA:748,78,0,266
BRDA:749,79,0,38
BRDA:749,80,0,266
BRF:81
BRH:64
end_of_record
TN:
SF:src/components/ItemSearch/CreateItemModal.tsx
FN:14,CustomNoRowsOverlay
FN:21,mutationFn
FN:25,onSuccess
FN:32,onError
FN:40,onClick
FN:44,onClick
FN:49,onClose
FNF:7
FNH:5
FNDA:6,CustomNoRowsOverlay
FNDA:1,mutationFn
FNDA:1,onSuccess
FNDA:0,onError
FNDA:1,onClick
FNDA:1,onClick
FNDA:0,onClose
DA:1,1
DA:2,1
DA:3,1
DA:4,1
DA:5,1
DA:6,1
DA:7,1
DA:8,1
DA:14,1
DA:15,6
DA:16,6
DA:17,6
DA:18,6
DA:20,6
DA:21,6
DA:22,1
DA:23,1
DA:24,1
DA:25,6
DA:26,1
DA:27,1
DA:28,1
DA:29,1
DA:30,1
DA:31,1
DA:32,6
DA:33,0
DA:34,0
DA:35,0
DA:36,6
DA:37,6
DA:38,6
DA:39,6
DA:40,6
DA:41,6
DA:43,6
DA:44,6
DA:47,6
DA:48,6
DA:49,6
DA:53,6
LF:41
LH:38
BRDA:14,0,0,6
BRDA:40,1,0,0
BRDA:21,2,0,1
BRDA:25,3,0,1
BRDA:40,4,0,1
BRDA:44,5,0,1
BRF:6
BRH:5
end_of_record
TN:
SF:src/components/ItemSearch/SearchModal.tsx
FN:26,SearchModal
FN:43,showModal
FN:47,handleQuantityChange
FN:54,handleCancel
FN:59,handleSearchChange
FN:172,onRowClicked
FNF:6
FNH:5
FNDA:31,SearchModal
FNDA:12,showModal
FNDA:3,handleQuantityChange
FNDA:0,handleCancel
FNDA:3,handleSearchChange
FNDA:1,onRowClicked
DA:1,1
DA:2,1
DA:10,1
DA:13,1
DA:26,1
DA:27,31
DA:28,31
DA:29,31
DA:30,31
DA:31,31
DA:32,31
DA:33,31
DA:34,31
DA:35,31
DA:36,31
DA:37,31
DA:38,31
DA:41,31
DA:43,31
DA:44,12
DA:45,12
DA:47,31
DA:48,3
DA:49,3
DA:50,3
DA:51,3
DA:52,3
DA:54,31
DA:55,0
DA:56,0
DA:57,0
DA:59,31
DA:60,3
DA:61,3
DA:63,31
DA:64,16
DA:65,0
DA:66,0
DA:67,16
DA:68,0
DA:69,0
DA:70,16
DA:71,31
DA:73,31
DA:74,31
DA:75,31
DA:76,31
DA:77,31
DA:78,31
DA:80,31
DA:82,31
DA:83,31
DA:84,31
DA:85,31
DA:86,31
DA:87,31
DA:88,31
DA:90,31
DA:91,31
DA:92,31
DA:93,31
DA:94,31
DA:96,31
DA:97,31
DA:98,31
DA:99,31
DA:100,31
DA:101,31
DA:102,31
DA:104,31
DA:105,31
DA:106,31
DA:107,31
DA:108,31
DA:109,31
DA:110,31
DA:111,31
DA:112,26
DA:113,5
DA:115,31
DA:116,31
DA:117,31
DA:118,31
DA:119,31
DA:120,31
DA:121,31
DA:123,31
DA:124,31
DA:125,31
DA:126,31
DA:128,31
DA:129,31
DA:130,31
DA:131,31
DA:132,31
DA:133,26
DA:134,31
DA:136,31
DA:137,31
DA:138,31
DA:139,31
DA:141,31
DA:142,10
DA:143,10
DA:144,10
DA:145,10
DA:146,10
DA:147,10
DA:148,10
DA:149,10
DA:150,10
DA:153,10
DA:161,31
DA:162,31
DA:163,31
DA:164,31
DA:165,31
DA:167,31
DA:168,31
DA:169,31
DA:170,31
DA:171,31
DA:172,31
DA:173,1
DA:174,1
DA:175,1
DA:176,1
DA:177,1
DA:178,0
DA:179,0
DA:180,1
DA:181,31
DA:182,31
DA:184,31
DA:185,31
DA:193,31
DA:195,1
LF:137
LH:128
BRDA:26,0,0,31
BRDA:111,1,0,26
BRDA:112,2,0,26
BRDA:112,3,0,5
BRDA:132,4,0,26
BRDA:133,5,0,26
BRDA:133,6,0,5
BRDA:141,7,0,10
BRDA:153,8,0,21
BRDA:182,9,0,26
BRDA:182,10,0,26
BRDA:182,11,0,5
BRDA:43,12,0,12
BRDA:47,13,0,3
BRDA:49,14,0,1
BRDA:49,15,0,2
BRDA:59,16,0,3
BRDA:63,17,0,16
BRDA:64,18,0,0
BRDA:64,19,0,0
BRDA:67,20,0,0
BRDA:172,21,0,1
BRDA:177,22,0,0
BRF:23
BRH:19
end_of_record
TN:
SF:src/components/TransactionPage/BikeForm.tsx
FN:28,compareBikes
FN:36,NewBikeForm
FN:63,handleTextFieldChange
FN:71,mutationFn
FN:75,onSuccess
FN:82,onError
FN:87,handleSubmit
FNF:7
FNH:4
FNDA:26,compareBikes
FNDA:26,NewBikeForm
FNDA:9,handleTextFieldChange
FNDA:0,mutationFn
FNDA:0,onSuccess
FNDA:0,onError
FNDA:2,handleSubmit
DA:1,1
DA:2,1
DA:3,1
DA:4,1
DA:5,1
DA:6,1
DA:28,1
DA:29,26
DA:30,26
DA:31,26
DA:32,26
DA:33,26
DA:34,26
DA:36,26
DA:37,26
DA:38,26
DA:39,26
DA:40,26
DA:41,26
DA:42,26
DA:45,26
DA:46,26
DA:47,26
DA:48,26
DA:49,26
DA:51,26
DA:52,26
DA:53,1
DA:54,1
DA:55,1
DA:56,1
DA:57,1
DA:58,1
DA:59,1
DA:60,1
DA:61,1
DA:62,26
DA:63,26
DA:64,9
DA:66,9
DA:67,9
DA:68,9
DA:70,26
DA:71,26
DA:72,0
DA:73,0
DA:75,26
DA:76,0
DA:77,0
DA:78,0
DA:79,0
DA:80,0
DA:81,0
DA:82,26
DA:83,0
DA:84,0
DA:85,26
DA:87,26
DA:88,2
DA:89,2
DA:91,2
DA:92,2
DA:93,2
DA:94,2
DA:95,2
DA:97,2
DA:98,2
DA:99,26
DA:100,23
DA:101,23
DA:102,23
DA:103,23
DA:104,23
DA:105,23
DA:108,23
DA:109,23
DA:110,23
DA:112,23
DA:115,23
DA:116,23
DA:117,23
DA:119,23
DA:120,23
DA:121,23
DA:122,23
DA:123,23
DA:124,23
DA:125,23
DA:127,23
DA:128,23
DA:129,23
DA:130,23
DA:131,23
DA:132,23
DA:133,23
DA:134,23
DA:135,23
DA:136,23
DA:139,23
DA:140,23
DA:141,23
DA:142,23
DA:143,23
DA:144,23
DA:145,23
DA:146,23
DA:147,23
DA:148,23
DA:151,23
DA:152,23
DA:153,23
DA:154,23
DA:155,23
DA:156,23
DA:157,23
DA:158,23
DA:159,23
DA:160,23
DA:163,23
DA:164,23
DA:170,23
DA:172,1
LF:122
LH:112
BRDA:28,0,0,26
BRDA:29,1,0,25
BRDA:30,2,0,25
BRDA:31,3,0,25
BRDA:32,4,0,25
BRDA:36,5,0,26
BRDA:52,6,0,1
BRDA:99,7,0,3
BRDA:99,8,0,23
BRDA:54,9,0,1
BRDA:55,10,0,1
BRDA:63,11,0,9
BRDA:67,12,0,9
BRDA:87,13,0,2
BRF:14
BRH:14
end_of_record
TN:
SF:src/components/TransactionPage/HeaderItem.tsx
FNF:0
FNH:0
DA:1,1
DA:2,1
DA:4,1
DA:5,13
DA:6,13
DA:7,13
DA:8,13
DA:9,13
DA:10,13
DA:11,13
DA:12,13
DA:13,13
DA:15,1
LF:13
LH:13
BRDA:4,0,0,13
BRF:1
BRH:1
end_of_record
TN:
SF:src/components/TransactionPage/Notes.tsx
FN:13,Notes
FN:28,handleSubmit
FN:34,handleSave
FN:55,handleOpenToEdit
FN:67,onChange
FN:68,onFocus
FN:74,onKeyDown
FN:135,onClick
FNF:8
FNH:6
FNDA:16,Notes
FNDA:0,handleSubmit
FNDA:2,handleSave
FNDA:3,handleOpenToEdit
FNDA:2,onChange
FNDA:3,onFocus
FNDA:0,onKeyDown
FNDA:3,onClick
DA:1,1
DA:2,1
DA:3,1
DA:4,1
DA:5,1
DA:6,1
DA:13,1
DA:14,16
DA:15,16
DA:16,16
DA:17,16
DA:18,16
DA:19,16
DA:20,16
DA:21,16
DA:22,16
DA:23,16
DA:24,16
DA:25,16
DA:26,16
DA:28,16
DA:29,0
DA:30,0
DA:31,0
DA:32,0
DA:34,16
DA:35,2
DA:36,1
DA:37,1
DA:38,1
DA:39,1
DA:40,1
DA:41,1
DA:42,1
DA:43,1
DA:44,1
DA:45,1
DA:46,1
DA:47,1
DA:48,1
DA:49,1
DA:51,1
DA:52,1
DA:53,1
DA:55,16
DA:56,3
DA:57,3
DA:58,3
DA:59,3
DA:61,16
DA:62,16
DA:63,16
DA:64,5
DA:65,5
DA:66,5
DA:67,5
DA:68,5
DA:69,3
DA:70,3
DA:71,3
DA:74,5
DA:75,0
DA:76,0
DA:77,5
DA:78,5
DA:79,5
DA:80,5
DA:81,5
DA:82,5
DA:83,5
DA:84,5
DA:85,5
DA:86,5
DA:87,5
DA:88,5
DA:89,5
DA:90,5
DA:91,5
DA:92,5
DA:93,5
DA:94,5
DA:95,5
DA:97,5
DA:98,5
DA:99,5
DA:100,5
DA:101,5
DA:102,5
DA:107,16
DA:108,16
DA:109,16
DA:110,16
DA:111,16
DA:112,16
DA:113,16
DA:114,16
DA:116,16
DA:117,16
DA:118,16
DA:119,16
DA:120,16
DA:121,16
DA:122,16
DA:123,16
DA:124,16
DA:125,16
DA:126,16
DA:127,16
DA:128,16
DA:129,16
DA:131,16
DA:134,16
DA:135,16
DA:136,16
DA:137,16
DA:138,16
DA:140,16
DA:146,16
DA:148,1
LF:119
LH:113
BRDA:13,0,0,16
BRDA:63,1,0,5
BRDA:128,2,0,5
BRDA:128,3,0,6
BRDA:131,4,0,6
BRDA:140,5,0,5
BRDA:140,6,0,6
BRDA:34,7,0,2
BRDA:35,8,0,1
BRDA:46,9,0,2
BRDA:47,10,0,1
BRDA:55,11,0,3
BRDA:56,12,0,1
BRDA:56,13,0,2
BRDA:67,14,0,2
BRDA:68,15,0,3
BRDA:135,16,0,3
BRF:17
BRH:17
end_of_record
TN:
SF:src/components/TransactionPage/TransactionOptionDropdown.tsx
FN:23,TransactionOptionDropdown
FN:42,handleMenuItemClick
FN:54,handleToggle
FN:58,handleClose
FN:116,onClick
FNF:5
FNH:5
FNDA:40,TransactionOptionDropdown
FNDA:4,handleMenuItemClick
FNDA:13,handleToggle
FNDA:1,handleClose
FNDA:4,onClick
DA:1,1
DA:2,1
DA:21,1
DA:23,1
DA:24,40
DA:25,40
DA:26,40
DA:27,40
DA:28,40
DA:29,40
DA:30,40
DA:31,40
DA:32,40
DA:33,40
DA:34,40
DA:35,40
DA:38,40
DA:39,40
DA:40,40
DA:42,40
DA:43,4
DA:44,4
DA:45,4
DA:47,4
DA:48,4
DA:49,4
DA:50,4
DA:51,4
DA:52,4
DA:54,40
DA:55,13
DA:56,13
DA:58,40
DA:59,1
DA:60,1
DA:61,1
DA:62,1
DA:63,0
DA:64,0
DA:66,1
DA:67,1
DA:69,40
DA:70,40
DA:71,40
DA:72,40
DA:73,40
DA:74,40
DA:76,40
DA:77,40
DA:78,40
DA:79,40
DA:80,40
DA:81,40
DA:82,40
DA:83,40
DA:84,40
DA:85,40
DA:87,40
DA:90,40
DA:91,40
DA:92,40
DA:93,40
DA:94,40
DA:95,40
DA:96,40
DA:97,40
DA:99,40
DA:100,40
DA:101,40
DA:102,40
DA:103,40
DA:104,40
DA:105,40
DA:107,40
DA:108,40
DA:109,40
DA:110,40
DA:111,40
DA:112,40
DA:113,40
DA:114,40
DA:115,40
DA:116,40
DA:118,40
DA:129,40
DA:131,1
LF:86
LH:84
BRDA:23,0,0,40
BRDA:77,1,0,13
BRDA:77,2,0,27
BRDA:78,3,0,13
BRDA:78,4,0,27
BRDA:84,5,0,8
BRDA:35,6,0,71
BRDA:42,7,0,4
BRDA:47,8,0,0
BRDA:54,9,0,13
BRDA:55,10,0,13
BRDA:58,11,0,1
BRDA:62,12,0,0
BRDA:104,13,0,0
BRDA:111,14,0,168
BRDA:116,15,0,4
BRF:16
BRH:13
end_of_record
TN:
SF:src/constants/transaction.ts
FNF:0
FNH:0
DA:2,1
DA:3,1
LF:2
LH:2
BRF:0
BRH:0
end_of_record
TN:
SF:src/contexts/UserContext.tsx
FN:25,UserProvider
FN:35,logout
FN:43,useAuth
FN:59,useUser
FN:65,queryFn
FNF:5
FNH:4
FNDA:119,UserProvider
FNDA:0,logout
FNDA:91,useAuth
FNDA:64,useUser
FNDA:5,queryFn
DA:1,1
DA:2,1
DA:3,1
DA:18,1
DA:25,1
DA:26,119
DA:27,119
DA:28,119
DA:29,119
DA:31,119
DA:32,119
DA:33,113
DA:34,113
DA:35,113
DA:36,113
DA:37,119
DA:40,119
DA:41,119
DA:43,1
DA:44,91
DA:45,91
DA:46,0
DA:47,0
DA:48,91
DA:49,91
DA:51,1
DA:58,1
DA:59,1
DA:60,64
DA:62,64
DA:63,64
DA:64,64
DA:65,64
DA:66,5
DA:67,0
DA:68,0
DA:69,5
DA:70,5
DA:71,5
DA:72,64
DA:73,64
DA:74,64
LF:42
LH:38
BRDA:25,0,0,119
BRDA:32,1,0,113
BRDA:43,2,0,91
BRDA:45,3,0,0
BRDA:59,4,0,64
BRDA:65,5,0,5
BRDA:66,6,0,0
BRF:7
BRH:5
end_of_record
TN:
SF:src/features/RecieptButton.tsx
FN:13,CopyReceiptButton
FN:20,handleCopyReceipt
FNF:2
FNH:2
FNDA:12,CopyReceiptButton
FNDA:2,handleCopyReceipt
DA:1,1
DA:2,1
DA:3,1
DA:4,1
DA:13,1
DA:14,12
DA:15,12
DA:16,12
DA:17,12
DA:18,12
DA:20,12
DA:21,2
DA:22,2
DA:23,2
DA:24,2
DA:25,2
DA:27,2
DA:28,2
DA:30,1
DA:31,1
DA:33,1
DA:34,1
DA:35,1
DA:36,1
DA:37,1
DA:38,2
DA:40,12
DA:41,12
DA:42,12
DA:43,12
DA:44,12
DA:46,12
DA:49,12
DA:51,1
LF:34
LH:34
BRDA:13,0,0,12
BRDA:46,1,0,1
BRDA:46,2,0,11
BRDA:20,3,0,2
BRDA:28,4,0,1
BRDA:33,5,0,1
BRF:6
BRH:6
end_of_record
TN:
SF:src/features/RecieptTemplate.ts
FN:24,generateReceiptHTML
FN:68,copyHTMLToClipboard
FNF:2
FNH:2
FNDA:2,generateReceiptHTML
FNDA:4,copyHTMLToClipboard
DA:17,1
DA:19,1
DA:23,1
DA:24,1
DA:25,2
DA:26,2
DA:27,2
DA:28,2
DA:29,2
DA:31,2
DA:32,2
DA:34,2
DA:35,2
DA:36,2
DA:37,1
DA:38,2
DA:39,2
DA:40,1
DA:41,1
DA:42,1
DA:43,2
DA:45,2
DA:46,2
DA:47,1
DA:48,1
DA:49,1
DA:50,1
DA:51,1
DA:52,1
DA:53,2
DA:55,2
DA:56,2
DA:57,2
DA:59,2
DA:60,2
DA:62,1
DA:67,1
DA:68,1
DA:69,4
DA:71,4
DA:72,1
DA:73,1
DA:74,1
DA:75,1
DA:76,1
DA:77,1
DA:79,1
DA:81,4
DA:82,1
DA:83,1
DA:85,1
DA:87,4
DA:88,0
DA:89,0
DA:91,2
DA:92,2
DA:93,2
DA:94,2
DA:95,2
DA:96,2
DA:98,2
DA:100,2
DA:101,2
DA:102,2
DA:103,2
DA:104,2
DA:106,2
DA:107,2
DA:108,1
DA:109,1
DA:110,1
DA:111,1
DA:112,2
DA:113,0
DA:114,2
DA:115,2
DA:116,2
DA:117,2
DA:118,2
DA:119,1
LF:80
LH:77
BRDA:24,0,0,2
BRDA:36,1,0,1
BRDA:46,2,0,1
BRDA:28,3,0,2
BRDA:29,4,0,1
BRDA:37,5,0,2
BRDA:47,6,0,1
BRDA:68,7,0,4
BRDA:71,8,0,2
BRDA:71,9,0,2
BRDA:71,10,0,1
BRDA:79,11,0,3
BRDA:81,12,0,1
BRDA:81,13,0,1
BRDA:85,14,0,2
BRDA:87,15,0,0
BRDA:89,16,0,2
BRDA:118,17,0,1
BRDA:91,18,0,2
BRDA:107,19,0,1
BRDA:112,20,0,0
BRF:21
BRH:19
end_of_record
TN:
SF:src/features/AdminPage/DataExportButtons.tsx
FN:27,DataExportButtons
FN:38,handleSelectChange
FN:43,formatDateOnly
FN:50,handleStartChange
FN:57,handleEndChange
FN:64,setRange
FN:72,clearFilters
FN:100,onClick
FN:107,onClick
FN:114,onClick
FN:121,onClick
FN:247,onClick
FNF:12
FNH:9
FNDA:10,DataExportButtons
FNDA:2,handleSelectChange
FNDA:4,formatDateOnly
FNDA:1,handleStartChange
FNDA:1,handleEndChange
FNDA:1,setRange
FNDA:1,clearFilters
FNDA:1,onClick
FNDA:0,onClick
FNDA:0,onClick
FNDA:0,onClick
FNDA:4,onClick
DA:1,1
DA:2,1
DA:16,1
DA:17,1
DA:18,1
DA:19,1
DA:21,1
DA:23,1
DA:25,1
DA:27,1
DA:28,10
DA:29,10
DA:30,10
DA:31,10
DA:32,10
DA:33,10
DA:34,10
DA:35,10
DA:36,10
DA:38,10
DA:39,2
DA:40,2
DA:41,2
DA:43,10
DA:44,4
DA:45,4
DA:46,4
DA:47,4
DA:48,4
DA:50,10
DA:51,1
DA:52,1
DA:53,1
DA:54,1
DA:55,1
DA:57,10
DA:58,1
DA:59,1
DA:60,1
DA:61,1
DA:62,1
DA:64,10
DA:65,1
DA:66,1
DA:67,1
DA:68,1
DA:69,1
DA:70,1
DA:72,10
DA:73,1
DA:74,1
DA:75,1
DA:76,1
DA:77,1
DA:78,1
DA:79,1
DA:80,1
DA:81,1
DA:82,1
DA:84,10
DA:86,10
DA:87,10
DA:88,10
DA:89,10
DA:90,10
DA:91,10
DA:93,10
DA:94,10
DA:95,10
DA:96,10
DA:97,10
DA:98,10
DA:99,10
DA:100,10
DA:101,10
DA:104,10
DA:105,10
DA:106,10
DA:107,10
DA:108,10
DA:111,10
DA:112,10
DA:113,10
DA:114,10
DA:115,10
DA:118,10
DA:119,10
DA:120,10
DA:121,10
DA:122,10
DA:125,10
DA:126,10
DA:131,10
DA:132,10
DA:133,10
DA:134,10
DA:135,10
DA:136,10
DA:137,3
DA:138,7
DA:140,10
DA:141,10
DA:142,10
DA:143,10
DA:144,10
DA:145,10
DA:146,10
DA:147,10
DA:150,10
DA:151,10
DA:152,10
DA:153,10
DA:154,10
DA:155,2
DA:156,8
DA:158,10
DA:159,10
DA:160,10
DA:161,10
DA:162,10
DA:163,10
DA:164,10
DA:165,10
DA:168,10
DA:169,10
DA:170,10
DA:173,10
DA:174,10
DA:175,10
DA:176,10
DA:177,10
DA:178,10
DA:180,10
DA:181,10
DA:182,10
DA:186,10
DA:187,10
DA:188,10
DA:189,10
DA:190,10
DA:191,10
DA:192,10
DA:193,10
DA:194,10
DA:196,10
DA:197,10
DA:198,10
DA:202,10
DA:203,10
DA:204,10
DA:207,10
DA:208,10
DA:209,10
DA:210,10
DA:211,10
DA:212,10
DA:214,10
DA:215,10
DA:219,10
DA:220,10
DA:221,10
DA:224,10
DA:225,10
DA:226,10
DA:227,10
DA:228,10
DA:229,10
DA:231,10
DA:232,10
DA:238,10
DA:240,10
DA:241,10
DA:242,10
DA:243,10
DA:244,10
DA:245,10
DA:246,10
DA:247,10
DA:248,4
DA:249,2
DA:250,2
DA:252,10
DA:254,10
DA:264,10
LF:184
LH:184
BRDA:27,0,0,10
BRDA:137,1,0,3
BRDA:137,2,0,7
BRDA:155,3,0,2
BRDA:155,4,0,8
BRDA:38,5,0,2
BRDA:40,6,0,2
BRDA:43,7,0,4
BRDA:50,8,0,1
BRDA:51,9,0,1
BRDA:53,10,0,0
BRDA:57,11,0,1
BRDA:58,12,0,1
BRDA:60,13,0,0
BRDA:64,14,0,1
BRDA:65,15,0,1
BRDA:72,16,0,1
BRDA:100,17,0,1
BRDA:247,18,0,4
BRDA:249,19,0,2
BRDA:249,20,0,2
BRF:21
BRH:19
end_of_record
TN:
SF:src/features/AdminPage/ManagePermissions.tsx
FN:19,PermissionsPage
FN:29,queryFn
FN:32,select
FN:35,mutationFn
FN:36,onSuccess
FN:42,onError
FN:71,onClick
FN:79,onClick
FN:89,handleEdit
FN:96,handleDelete
FN:101,handleSave
FN:140,handleCancel
FN:152,onClick
FN:183,onChange
FN:189,onChange
FN:199,onClick
FNF:16
FNH:14
FNDA:18,PermissionsPage
FNDA:7,queryFn
FNDA:18,select
FNDA:1,mutationFn
FNDA:1,onSuccess
FNDA:0,onError
FNDA:1,onClick
FNDA:1,onClick
FNDA:1,handleEdit
FNDA:1,handleDelete
FNDA:2,handleSave
FNDA:0,handleCancel
FNDA:1,onClick
FNDA:2,onChange
FNDA:2,onChange
FNDA:2,onClick
DA:1,1
DA:2,1
DA:5,1
DA:14,1
DA:15,1
DA:16,1
DA:17,1
DA:19,1
DA:20,18
DA:21,18
DA:22,18
DA:23,18
DA:24,18
DA:26,18
DA:27,18
DA:28,18
DA:29,18
DA:30,7
DA:31,7
DA:32,18
DA:33,18
DA:34,18
DA:35,18
DA:36,18
DA:37,1
DA:38,1
DA:39,1
DA:40,1
DA:41,1
DA:42,18
DA:43,0
DA:44,0
DA:45,0
DA:46,18
DA:47,18
DA:48,4
DA:49,0
DA:50,0
DA:51,4
DA:52,18
DA:54,18
DA:55,5
DA:56,4
DA:57,4
DA:58,5
DA:59,18
DA:60,18
DA:61,18
DA:62,18
DA:63,18
DA:64,18
DA:65,18
DA:66,18
DA:67,18
DA:68,18
DA:69,18
DA:70,18
DA:71,18
DA:72,18
DA:73,18
DA:76,18
DA:77,18
DA:78,18
DA:79,18
DA:80,18
DA:81,18
DA:86,18
DA:87,18
DA:89,18
DA:90,1
DA:91,1
DA:92,1
DA:93,1
DA:94,1
DA:96,18
DA:97,1
DA:98,1
DA:99,1
DA:101,18
DA:102,2
DA:103,2
DA:104,1
DA:105,1
DA:106,1
DA:107,1
DA:108,1
DA:109,1
DA:110,1
DA:111,1
DA:112,1
DA:113,1
DA:115,1
DA:116,1
DA:117,1
DA:118,0
DA:119,0
DA:120,0
DA:121,1
DA:122,1
DA:123,1
DA:124,1
DA:125,1
DA:126,1
DA:127,1
DA:128,1
DA:129,1
DA:130,1
DA:131,1
DA:132,1
DA:133,0
DA:134,0
DA:135,0
DA:136,1
DA:137,2
DA:138,2
DA:140,18
DA:141,0
DA:142,0
DA:144,18
DA:145,18
DA:146,18
DA:149,18
DA:150,18
DA:151,18
DA:152,18
DA:153,1
DA:154,1
DA:155,1
DA:156,1
DA:157,18
DA:161,18
DA:162,18
DA:163,18
DA:164,18
DA:165,18
DA:166,18
DA:167,18
DA:168,18
DA:169,18
DA:170,18
DA:171,18
DA:174,18
DA:175,18
DA:176,18
DA:179,18
DA:180,18
DA:181,18
DA:182,18
DA:183,18
DA:184,18
DA:186,18
DA:187,18
DA:188,18
DA:189,18
DA:190,18
DA:195,18
DA:196,18
DA:199,18
DA:200,2
DA:201,2
DA:202,2
DA:203,2
DA:204,18
DA:213,18
DA:215,1
LF:165
LH:152
BRDA:19,0,0,18
BRDA:29,1,0,7
BRDA:32,2,0,18
BRDA:35,3,0,1
BRDA:36,4,0,1
BRDA:47,5,0,4
BRDA:48,6,0,0
BRDA:54,7,0,5
BRDA:55,8,0,4
BRDA:55,9,0,4
BRDA:71,10,0,1
BRDA:79,11,0,1
BRDA:89,12,0,1
BRDA:92,13,0,0
BRDA:96,14,0,1
BRDA:101,15,0,2
BRDA:103,16,0,1
BRDA:109,17,0,1
BRDA:128,18,0,1
BRDA:152,19,0,1
BRDA:183,20,0,2
BRDA:189,21,0,2
BRDA:199,22,0,2
BRDA:200,23,0,1
BRF:24
BRH:22
end_of_record
TN:
SF:src/features/AdminPage/dataExportUtils.ts
FN:56,buildQueryString
FN:74,downloadFile
FNF:2
FNH:2
FNDA:5,buildQueryString
FNDA:7,downloadFile
DA:1,1
DA:9,1
DA:11,1
DA:23,1
DA:24,1
DA:25,1
DA:26,1
DA:27,1
DA:28,1
DA:29,1
DA:30,1
DA:31,1
DA:32,1
DA:33,1
DA:34,1
DA:35,1
DA:36,1
DA:37,1
DA:38,1
DA:39,1
DA:40,1
DA:41,1
DA:42,1
DA:43,1
DA:44,1
DA:45,1
DA:46,1
DA:47,1
DA:48,1
DA:49,1
DA:50,1
DA:52,1
DA:55,1
DA:56,1
DA:57,5
DA:58,5
DA:59,19
DA:60,19
DA:61,5
DA:62,5
DA:63,5
DA:65,1
DA:73,1
DA:74,1
DA:75,7
DA:76,7
DA:77,7
DA:78,7
DA:80,7
DA:81,7
DA:82,7
DA:83,7
DA:84,7
DA:85,7
DA:87,7
DA:89,6
DA:90,5
DA:91,5
DA:92,5
DA:93,5
DA:94,5
DA:95,2
DA:96,2
DA:97,2
DA:98,2
DA:99,2
DA:100,2
DA:101,0
DA:102,0
DA:103,2
DA:104,2
DA:106,3
DA:107,3
DA:108,3
DA:109,3
DA:110,3
DA:111,3
DA:112,3
DA:113,7
DA:114,1
DA:115,1
DA:116,1
DA:117,1
DA:118,1
DA:119,1
DA:120,1
DA:121,1
DA:122,1
DA:123,1
DA:124,7
DA:125,3
DA:126,3
DA:127,7
LF:93
LH:91
BRDA:56,0,0,5
BRDA:62,1,0,4
BRDA:62,2,0,1
BRDA:58,3,0,19
BRDA:59,4,0,18
BRDA:59,5,0,10
BRDA:74,6,0,7
BRDA:81,7,0,3
BRDA:81,8,0,4
BRDA:84,9,0,1
BRDA:84,10,0,6
BRDA:87,11,0,1
BRDA:87,12,0,6
BRDA:89,13,0,5
BRDA:94,14,0,2
BRDA:99,15,0,0
BRDA:100,16,0,0
BRDA:104,17,0,3
BRDA:113,18,0,1
BRDA:124,19,0,3
BRDA:125,20,0,0
BRF:21
BRH:18
end_of_record
TN:
SF:src/features/TransactionPage/CheckoutModal.tsx
FN:13,CheckoutModal
FNF:1
FNH:1
FNDA:1,CheckoutModal
DA:13,1
DA:14,1
DA:15,1
DA:16,1
DA:17,1
DA:18,1
DA:19,1
DA:20,1
DA:21,1
DA:22,1
DA:23,1
DA:24,1
DA:25,1
DA:26,1
DA:27,1
DA:28,1
DA:29,1
DA:33,1
DA:34,1
DA:35,1
DA:36,0
DA:38,1
DA:39,1
DA:40,1
DA:41,1
DA:42,1
DA:43,1
DA:48,1
DA:49,1
DA:50,1
DA:51,1
DA:52,1
DA:53,1
DA:54,1
DA:55,1
DA:56,1
DA:57,1
DA:60,1
DA:64,1
DA:66,1
LF:40
LH:39
BRDA:13,0,0,1
BRDA:35,1,0,0
BRF:2
BRH:1
end_of_record
TN:
SF:src/features/TransactionPage/CompleteTransactionDropdown.tsx
FN:20,CompleteTransactionDropdown
FN:34,handleMenuItemClick
FN:49,handleToggle
FN:53,handleClose
FN:117,onClick
FNF:5
FNH:5
FNDA:17,CompleteTransactionDropdown
FNDA:4,handleMenuItemClick
FNDA:4,handleToggle
FNDA:1,handleClose
FNDA:4,onClick
DA:1,1
DA:2,1
DA:19,1
DA:20,1
DA:21,17
DA:22,17
DA:23,17
DA:24,17
DA:25,17
DA:26,17
DA:27,17
DA:30,17
DA:31,17
DA:32,17
DA:34,17
DA:35,4
DA:36,4
DA:38,4
DA:39,4
DA:40,4
DA:41,4
DA:42,2
DA:43,2
DA:44,2
DA:45,2
DA:46,2
DA:47,4
DA:49,17
DA:50,4
DA:51,4
DA:53,17
DA:54,1
DA:55,1
DA:56,1
DA:57,1
DA:58,1
DA:59,1
DA:61,0
DA:62,0
DA:64,17
DA:65,17
DA:66,17
DA:67,17
DA:68,17
DA:69,17
DA:70,17
DA:71,17
DA:72,17
DA:74,17
DA:75,17
DA:76,17
DA:78,17
DA:79,17
DA:80,17
DA:81,17
DA:82,17
DA:83,17
DA:84,17
DA:85,17
DA:86,17
DA:88,17
DA:92,17
DA:93,17
DA:94,17
DA:95,17
DA:96,17
DA:97,17
DA:98,17
DA:100,17
DA:101,17
DA:102,17
DA:103,17
DA:104,17
DA:105,17
DA:106,17
DA:108,17
DA:109,17
DA:110,17
DA:111,17
DA:112,17
DA:113,17
DA:114,17
DA:115,17
DA:116,17
DA:117,17
DA:118,17
DA:119,17
DA:120,17
DA:122,17
DA:133,17
LF:90
LH:88
BRDA:20,0,0,17
BRDA:71,1,0,1
BRDA:71,2,0,16
BRDA:79,3,0,4
BRDA:79,4,0,13
BRDA:80,5,0,4
BRDA:80,6,0,13
BRDA:34,7,0,4
BRDA:41,8,0,2
BRDA:49,9,0,4
BRDA:50,10,0,4
BRDA:53,11,0,1
BRDA:59,12,0,0
BRDA:105,13,0,0
BRDA:119,14,0,15
BRDA:119,15,0,15
BRDA:117,16,0,4
BRF:17
BRH:15
end_of_record
TN:
SF:src/features/TransactionPage/DeleteTransactionsModal.tsx
FN:13,DeleteTransactionsModal
FN:19,onClick
FN:25,onClose
FN:36,onClick
FNF:4
FNH:2
FNDA:7,DeleteTransactionsModal
FNDA:1,onClick
FNDA:0,onClose
FNDA:0,onClick
DA:1,1
DA:2,1
DA:3,1
DA:4,1
DA:5,1
DA:6,1
DA:7,1
DA:13,1
DA:14,7
DA:15,7
DA:16,7
DA:17,7
DA:18,7
DA:19,7
DA:20,7
DA:23,7
DA:24,7
DA:25,7
DA:26,7
DA:27,7
DA:29,7
DA:30,7
DA:31,7
DA:35,7
DA:36,7
DA:39,7
DA:46,7
DA:48,1
LF:28
LH:28
BRDA:13,0,0,7
BRDA:19,1,0,1
BRF:2
BRH:2
end_of_record
TN:
SF:src/features/TransactionPage/SetProjectsTypesDropdown.tsx
FN:20,SetProjectsTypesDropdown
FN:33,handleMenuItemClick
FN:48,handleToggle
FN:52,handleClose
FN:113,onClick
FNF:5
FNH:4
FNDA:18,SetProjectsTypesDropdown
FNDA:4,handleMenuItemClick
FNDA:4,handleToggle
FNDA:0,handleClose
FNDA:4,onClick
DA:1,1
DA:2,1
DA:19,1
DA:20,1
DA:21,18
DA:22,18
DA:23,18
DA:24,18
DA:25,18
DA:26,18
DA:29,18
DA:30,18
DA:31,18
DA:33,18
DA:34,4
DA:35,4
DA:37,4
DA:38,4
DA:39,4
DA:40,4
DA:41,2
DA:42,2
DA:43,2
DA:44,2
DA:45,2
DA:46,4
DA:48,18
DA:49,4
DA:50,4
DA:52,18
DA:53,0
DA:54,0
DA:55,0
DA:56,0
DA:57,0
DA:58,0
DA:60,0
DA:61,0
DA:63,18
DA:64,18
DA:65,18
DA:66,18
DA:67,18
DA:68,18
DA:69,18
DA:70,18
DA:71,18
DA:72,18
DA:74,18
DA:75,18
DA:76,18
DA:77,18
DA:78,18
DA:79,18
DA:80,18
DA:81,18
DA:82,18
DA:83,18
DA:84,18
DA:88,18
DA:89,18
DA:90,18
DA:91,18
DA:92,18
DA:93,18
DA:94,18
DA:96,18
DA:97,18
DA:98,18
DA:99,18
DA:100,18
DA:101,18
DA:102,18
DA:104,18
DA:105,18
DA:106,18
DA:107,18
DA:108,18
DA:109,18
DA:110,18
DA:111,18
DA:112,18
DA:113,18
DA:114,18
DA:115,18
DA:116,18
DA:118,18
DA:129,18
LF:88
LH:80
BRDA:20,0,0,18
BRDA:75,1,0,4
BRDA:75,2,0,14
BRDA:76,3,0,4
BRDA:76,4,0,14
BRDA:33,5,0,4
BRDA:40,6,0,2
BRDA:48,7,0,4
BRDA:49,8,0,4
BRDA:101,9,0,0
BRDA:115,10,0,15
BRDA:115,11,0,15
BRDA:113,12,0,4
BRF:13
BRH:12
end_of_record
TN:
SF:src/features/TransactionPage/components/BikeInformation.tsx
FN:20,BikeInformation
FN:28,handleEditBike
FN:38,handleBikeCreated
FN:100,onClick
FN:109,onClose
FNF:5
FNH:3
FNDA:2,BikeInformation
FNDA:1,handleEditBike
FNDA:0,handleBikeCreated
FNDA:1,onClick
FNDA:0,onClose
DA:1,1
DA:2,1
DA:4,1
DA:5,1
DA:16,1
DA:19,1
DA:20,1
DA:21,2
DA:22,2
DA:23,2
DA:24,2
DA:25,2
DA:26,2
DA:27,2
DA:28,2
DA:29,1
DA:30,1
DA:31,1
DA:32,1
DA:33,1
DA:34,1
DA:35,1
DA:36,1
DA:38,2
DA:39,0
DA:40,0
DA:41,0
DA:42,0
DA:44,2
DA:45,2
DA:46,2
DA:47,2
DA:48,2
DA:49,2
DA:50,2
DA:51,2
DA:52,2
DA:53,2
DA:54,2
DA:57,2
DA:58,2
DA:59,1
DA:60,1
DA:61,1
DA:62,1
DA:63,1
DA:64,1
DA:65,1
DA:66,1
DA:68,1
DA:69,1
DA:70,1
DA:71,1
DA:72,1
DA:73,1
DA:74,1
DA:76,1
DA:79,1
DA:80,1
DA:81,1
DA:83,1
DA:84,1
DA:87,1
DA:88,1
DA:89,1
DA:90,1
DA:91,1
DA:92,1
DA:93,1
DA:97,2
DA:98,2
DA:99,2
DA:100,2
DA:101,2
DA:107,2
DA:108,2
DA:109,2
DA:110,2
DA:111,2
DA:112,2
DA:113,2
DA:114,2
DA:115,2
DA:116,2
DA:117,2
DA:118,0
DA:123,2
LF:87
LH:82
BRDA:20,0,0,2
BRDA:58,1,0,1
BRDA:117,2,0,0
BRDA:28,3,0,1
BRDA:31,4,0,0
BRDA:32,5,0,0
BRDA:33,6,0,0
BRDA:100,7,0,1
BRF:8
BRH:4
end_of_record
TN:
SF:src/features/TransactionPage/components/OrderRequestsList.tsx
FN:26,OrderRequestsList
FN:47,getPartPrice
FNF:2
FNH:2
FNDA:3,OrderRequestsList
FNDA:1,getPartPrice
DA:1,1
DA:15,1
DA:17,1
DA:26,1
DA:27,3
DA:28,3
DA:29,3
DA:30,3
DA:31,3
DA:32,3
DA:33,1
DA:34,1
DA:35,1
DA:36,1
DA:37,1
DA:38,1
DA:39,1
DA:45,1
DA:47,2
DA:48,1
DA:49,0
DA:50,0
DA:51,1
DA:52,1
DA:54,2
DA:55,2
DA:56,2
DA:57,2
DA:58,2
DA:59,1
DA:63,3
DA:64,3
DA:65,3
DA:66,3
DA:67,3
DA:69,3
DA:70,3
DA:71,3
DA:72,3
DA:73,3
DA:74,3
DA:75,3
DA:76,3
DA:77,3
DA:78,3
DA:79,3
DA:80,3
DA:81,3
DA:82,3
DA:83,3
DA:85,3
DA:86,3
DA:87,3
DA:88,3
DA:89,3
DA:91,3
DA:92,3
DA:93,3
DA:94,3
DA:95,3
DA:96,3
DA:97,3
DA:98,3
DA:100,3
DA:103,3
DA:104,3
DA:105,3
DA:106,3
DA:107,3
DA:108,3
DA:109,3
DA:110,3
DA:111,3
DA:113,3
DA:115,3
DA:116,3
DA:117,3
DA:118,3
DA:119,3
DA:120,3
DA:121,3
DA:122,3
DA:123,3
DA:125,3
DA:128,3
DA:129,3
DA:133,3
DA:134,3
DA:135,3
DA:136,3
DA:137,3
DA:138,3
DA:141,3
DA:142,3
DA:143,3
DA:144,3
DA:145,3
DA:147,3
DA:157,3
LF:99
LH:97
BRDA:26,0,0,3
BRDA:32,1,0,1
BRDA:45,2,0,2
BRDA:58,3,0,1
BRDA:66,4,0,0
BRDA:47,5,0,1
BRDA:48,6,0,0
BRF:7
BRH:5
end_of_record
TN:
SF:src/features/TransactionPage/components/PartsList.tsx
FN:25,PartsList
FN:47,getPartPrice
FN:135,onClick
FNF:3
FNH:3
FNDA:4,PartsList
FNDA:2,getPartPrice
FNDA:1,onClick
DA:1,1
DA:14,1
DA:25,1
DA:26,4
DA:27,4
DA:28,4
DA:29,4
DA:30,4
DA:31,4
DA:32,4
DA:33,1
DA:34,1
DA:35,1
DA:36,1
DA:37,1
DA:38,1
DA:39,1
DA:45,1
DA:47,3
DA:48,2
DA:49,1
DA:50,1
DA:51,1
DA:52,1
DA:54,3
DA:55,3
DA:56,3
DA:57,3
DA:58,3
DA:59,1
DA:63,4
DA:64,4
DA:65,4
DA:66,4
DA:67,4
DA:69,4
DA:70,4
DA:71,4
DA:72,4
DA:73,4
DA:74,4
DA:75,4
DA:76,4
DA:77,4
DA:78,4
DA:79,4
DA:80,4
DA:81,4
DA:82,4
DA:84,4
DA:85,4
DA:86,4
DA:87,4
DA:88,4
DA:90,4
DA:91,4
DA:92,4
DA:93,4
DA:94,4
DA:95,4
DA:96,4
DA:97,4
DA:99,4
DA:102,4
DA:103,4
DA:104,4
DA:105,4
DA:106,4
DA:107,4
DA:108,4
DA:109,4
DA:110,4
DA:112,4
DA:114,4
DA:115,4
DA:116,4
DA:117,4
DA:118,4
DA:119,4
DA:120,4
DA:121,4
DA:122,4
DA:124,4
DA:127,4
DA:128,4
DA:132,4
DA:133,4
DA:134,4
DA:135,4
DA:137,4
DA:147,4
LF:91
LH:91
BRDA:25,0,0,4
BRDA:32,1,0,1
BRDA:45,2,0,3
BRDA:58,3,0,1
BRDA:66,4,0,0
BRDA:47,5,0,2
BRDA:48,6,0,1
BRDA:48,7,0,1
BRDA:135,8,0,1
BRF:9
BRH:8
end_of_record
TN:
SF:src/features/TransactionPage/components/RepairsList.tsx
FN:29,RepairsList
FN:141,onClick
FN:161,onClick
FNF:3
FNH:3
FNDA:3,RepairsList
FNDA:1,onClick
FNDA:1,onClick
DA:1,1
DA:14,1
DA:15,1
DA:29,1
DA:30,3
DA:31,3
DA:32,3
DA:33,3
DA:34,3
DA:35,3
DA:36,1
DA:37,1
DA:38,1
DA:39,1
DA:40,1
DA:41,1
DA:42,1
DA:48,1
DA:50,2
DA:51,2
DA:52,2
DA:53,2
DA:54,2
DA:55,1
DA:59,3
DA:60,3
DA:61,3
DA:62,3
DA:63,3
DA:65,3
DA:66,3
DA:67,3
DA:68,3
DA:69,3
DA:71,3
DA:72,3
DA:73,3
DA:74,3
DA:75,3
DA:76,3
DA:77,3
DA:78,3
DA:79,3
DA:80,3
DA:81,3
DA:82,3
DA:84,3
DA:85,3
DA:86,3
DA:87,3
DA:88,3
DA:90,3
DA:91,3
DA:92,3
DA:93,3
DA:94,3
DA:95,0
DA:96,3
DA:97,3
DA:98,0
DA:99,3
DA:100,3
DA:102,3
DA:105,3
DA:106,3
DA:107,3
DA:108,3
DA:109,3
DA:110,3
DA:111,3
DA:113,3
DA:114,3
DA:115,3
DA:116,3
DA:117,3
DA:118,3
DA:119,3
DA:120,3
DA:122,3
DA:124,3
DA:125,3
DA:126,3
DA:127,3
DA:128,3
DA:129,3
DA:130,3
DA:131,3
DA:132,3
DA:133,3
DA:137,3
DA:138,3
DA:139,3
DA:140,3
DA:141,3
DA:142,1
DA:143,1
DA:144,1
DA:145,1
DA:148,3
DA:149,3
DA:150,0
DA:151,3
DA:152,3
DA:154,3
DA:157,3
DA:158,3
DA:159,3
DA:160,3
DA:161,3
DA:162,1
DA:165,3
DA:178,3
LF:112
LH:109
BRDA:29,0,0,3
BRDA:35,1,0,1
BRDA:48,2,0,2
BRDA:54,3,0,1
BRDA:62,4,0,0
BRDA:95,5,0,0
BRDA:98,6,0,0
BRDA:150,7,0,0
BRDA:141,8,0,1
BRDA:161,9,0,1
BRF:10
BRH:6
end_of_record
TN:
SF:src/features/TransactionPage/components/TransactionActions.tsx
FN:69,TransactionActions
FN:105,handleCheckout
FN:109,closeCheckout
FN:113,handleWaitPartClick
FN:117,handleWaitEmail
FN:127,handlePriority
FN:137,handleNuclear
FN:147,handleReopenTransaction
FN:191,onClose
FN:192,setWaitingOnParts
FN:302,setRefurb
FN:303,setBeerBike
FN:353,sendEmail
FN:355,completeTransaction
FNF:14
FNH:11
FNDA:8,TransactionActions
FNDA:1,handleCheckout
FNDA:0,closeCheckout
FNDA:1,handleWaitPartClick
FNDA:2,handleWaitEmail
FNDA:1,handlePriority
FNDA:2,handleNuclear
FNDA:1,handleReopenTransaction
FNDA:0,onClose
FNDA:0,setWaitingOnParts
FNDA:1,setRefurb
FNDA:1,setBeerBike
FNDA:1,sendEmail
FNDA:1,completeTransaction
DA:1,1
DA:2,1
DA:10,1
DA:11,1
DA:12,1
DA:13,1
DA:14,1
DA:15,1
DA:19,1
DA:65,1
DA:68,1
DA:69,1
DA:70,8
DA:71,8
DA:72,8
DA:73,8
DA:74,8
DA:75,8
DA:76,8
DA:77,8
DA:78,8
DA:79,8
DA:80,8
DA:81,8
DA:82,8
DA:83,8
DA:84,8
DA:85,8
DA:86,8
DA:87,8
DA:88,8
DA:89,8
DA:90,8
DA:91,8
DA:92,8
DA:93,8
DA:94,8
DA:95,8
DA:96,8
DA:97,8
DA:98,8
DA:99,8
DA:100,8
DA:101,8
DA:102,8
DA:103,8
DA:105,8
DA:106,1
DA:107,1
DA:109,8
DA:110,0
DA:111,0
DA:113,8
DA:114,1
DA:115,1
DA:117,8
DA:118,2
DA:119,2
DA:120,2
DA:121,2
DA:122,2
DA:123,2
DA:124,2
DA:125,2
DA:127,8
DA:128,1
DA:129,1
DA:130,1
DA:131,1
DA:132,1
DA:133,1
DA:134,1
DA:135,1
DA:137,8
DA:138,2
DA:139,2
DA:140,2
DA:141,2
DA:142,2
DA:143,2
DA:144,2
DA:145,2
DA:147,8
DA:148,1
DA:149,1
DA:150,1
DA:151,1
DA:152,1
DA:153,1
DA:154,1
DA:155,1
DA:156,1
DA:158,8
DA:159,8
DA:160,8
DA:161,8
DA:162,8
DA:163,8
DA:164,8
DA:165,8
DA:166,8
DA:169,8
DA:170,8
DA:171,8
DA:172,8
DA:173,8
DA:174,8
DA:175,8
DA:177,8
DA:178,8
DA:179,8
DA:180,8
DA:183,8
DA:184,8
DA:185,8
DA:186,8
DA:187,8
DA:189,8
DA:190,8
DA:191,8
DA:192,8
DA:193,8
DA:194,8
DA:195,8
DA:196,8
DA:197,8
DA:202,8
DA:203,8
DA:204,8
DA:205,8
DA:206,8
DA:207,8
DA:209,8
DA:210,8
DA:211,8
DA:212,8
DA:213,8
DA:214,8
DA:215,8
DA:216,8
DA:217,8
DA:219,8
DA:220,8
DA:221,8
DA:222,8
DA:223,8
DA:224,8
DA:225,8
DA:227,8
DA:228,8
DA:229,8
DA:230,8
DA:231,8
DA:232,8
DA:233,8
DA:234,8
DA:235,8
DA:236,8
DA:237,8
DA:238,8
DA:239,8
DA:240,8
DA:243,8
DA:244,8
DA:245,8
DA:246,8
DA:247,8
DA:248,8
DA:249,8
DA:250,8
DA:251,8
DA:252,8
DA:253,8
DA:254,8
DA:255,8
DA:256,8
DA:259,8
DA:260,8
DA:261,8
DA:262,8
DA:263,8
DA:264,8
DA:265,8
DA:266,8
DA:267,8
DA:268,8
DA:269,8
DA:270,8
DA:272,8
DA:273,8
DA:274,8
DA:275,8
DA:276,8
DA:277,8
DA:280,8
DA:281,8
DA:282,8
DA:283,8
DA:284,8
DA:285,8
DA:286,8
DA:287,8
DA:288,8
DA:289,8
DA:290,8
DA:291,8
DA:292,8
DA:294,8
DA:295,1
DA:297,1
DA:301,8
DA:302,8
DA:303,8
DA:310,8
DA:311,8
DA:312,8
DA:313,8
DA:314,8
DA:315,8
DA:316,8
DA:317,8
DA:318,8
DA:320,8
DA:321,8
DA:322,8
DA:323,8
DA:324,8
DA:325,8
DA:326,8
DA:327,8
DA:328,8
DA:329,8
DA:330,8
DA:331,8
DA:332,8
DA:333,8
DA:334,8
DA:335,8
DA:339,8
DA:340,8
DA:341,8
DA:342,8
DA:343,8
DA:344,8
DA:345,8
DA:346,8
DA:347,8
DA:351,8
DA:352,6
DA:353,6
DA:354,6
DA:355,6
DA:358,8
DA:359,8
DA:360,8
DA:361,8
DA:362,8
DA:363,8
DA:364,8
DA:365,8
DA:366,8
DA:367,8
DA:368,8
DA:369,8
DA:370,8
DA:375,8
DA:376,8
DA:377,8
DA:378,8
DA:379,0
DA:380,0
DA:381,0
DA:382,0
DA:383,0
DA:384,8
DA:386,8
DA:392,8
LF:277
LH:270
BRDA:69,0,0,8
BRDA:193,1,0,0
BRDA:196,2,0,0
BRDA:230,3,0,0
BRDA:246,4,0,1
BRDA:246,5,0,7
BRDA:274,6,0,0
BRDA:283,7,0,1
BRDA:283,8,0,7
BRDA:284,9,0,1
BRDA:284,10,0,7
BRDA:294,11,0,1
BRDA:297,12,0,7
BRDA:324,13,0,2
BRDA:324,14,0,6
BRDA:327,15,0,2
BRDA:327,16,0,6
BRDA:345,17,0,0
BRDA:351,18,0,6
BRDA:384,19,0,0
BRDA:386,20,0,0
BRDA:105,21,0,1
BRDA:113,22,0,1
BRDA:117,23,0,2
BRDA:127,24,0,1
BRDA:137,25,0,2
BRDA:147,26,0,1
BRDA:302,27,0,1
BRDA:303,28,0,1
BRDA:353,29,0,1
BRDA:355,30,0,1
BRDA:386,31,0,2
BRF:32
BRH:25
end_of_record
TN:
SF:src/features/TransactionPage/components/TransactionHeader.tsx
FN:21,TransactionHeader
FN:64,isAllowed
FN:79,isAllowed
FNF:3
FNH:3
FNDA:7,TransactionHeader
FNDA:28,isAllowed
FNDA:28,isAllowed
DA:1,1
DA:3,1
DA:4,1
DA:5,1
DA:6,1
DA:7,1
DA:21,1
DA:22,7
DA:23,7
DA:24,7
DA:25,7
DA:26,7
DA:27,7
DA:28,7
DA:29,7
DA:30,7
DA:31,7
DA:32,7
DA:33,1
DA:34,1
DA:36,6
DA:37,6
DA:38,6
DA:39,6
DA:40,6
DA:41,6
DA:43,6
DA:44,6
DA:45,6
DA:46,6
DA:47,6
DA:49,6
DA:50,6
DA:51,6
DA:52,6
DA:53,6
DA:54,6
DA:56,6
DA:59,6
DA:60,6
DA:61,6
DA:62,6
DA:63,6
DA:64,6
DA:65,28
DA:66,7
DA:67,7
DA:68,7
DA:70,21
DA:73,6
DA:74,7
DA:75,7
DA:76,7
DA:77,7
DA:78,7
DA:79,7
DA:80,28
DA:81,14
DA:82,14
DA:86,7
DA:87,7
DA:88,7
DA:89,7
DA:90,7
DA:91,7
DA:92,7
DA:93,7
DA:94,7
DA:95,7
DA:96,7
DA:97,7
DA:98,7
DA:99,7
DA:100,7
DA:101,7
DA:102,7
DA:107,7
DA:108,7
DA:109,7
DA:110,7
DA:111,7
DA:112,7
DA:113,7
DA:114,7
DA:115,7
DA:116,7
DA:117,7
DA:118,7
DA:119,7
DA:120,7
DA:121,7
DA:125,7
DA:126,7
DA:127,7
DA:128,7
DA:129,7
DA:130,7
DA:131,7
DA:132,7
DA:133,7
DA:134,7
DA:135,7
DA:136,7
DA:137,7
DA:138,7
DA:139,7
DA:144,7
DA:145,7
DA:146,7
DA:147,7
DA:148,7
DA:149,7
DA:150,7
DA:151,7
DA:152,7
DA:154,7
DA:155,7
DA:158,7
DA:159,3
DA:160,3
DA:161,3
DA:162,3
DA:163,7
DA:164,7
DA:168,7
DA:169,7
DA:170,7
DA:171,7
DA:172,7
DA:173,7
DA:174,7
DA:175,7
DA:176,7
DA:178,7
DA:179,7
DA:180,7
DA:181,7
DA:182,7
DA:183,7
DA:185,7
DA:186,7
DA:187,7
DA:188,7
DA:189,7
DA:190,7
DA:192,7
DA:195,7
DA:196,7
DA:197,7
DA:198,7
DA:199,7
DA:200,7
DA:202,7
DA:203,7
DA:206,7
DA:209,7
LF:156
LH:156
BRDA:21,0,0,7
BRDA:32,1,0,1
BRDA:34,2,0,6
BRDA:107,3,0,1
BRDA:158,4,0,3
BRDA:161,5,0,0
BRDA:64,6,0,28
BRDA:65,7,0,7
BRDA:67,8,0,0
BRDA:68,9,0,21
BRDA:79,10,0,28
BRDA:80,11,0,14
BRDA:81,12,0,0
BRDA:81,13,0,14
BRF:14
BRH:11
end_of_record
TN:
SF:src/features/TransactionPage/utils/index.ts
FNF:0
FNH:0
DA:1,1
LF:1
LH:1
BRF:0
BRH:0
end_of_record
TN:
SF:src/features/TransactionPage/utils/transactionUtils.ts
FN:12,calculateTotalCost
FN:55,checkStatusOfRetrospec
FN:69,checkUserPermissions
FN:84,calculateTotalWithTax
FNF:4
FNH:4
FNDA:2,calculateTotalCost
FNDA:7,checkStatusOfRetrospec
FNDA:27,checkUserPermissions
FNDA:1,calculateTotalWithTax
DA:1,1
DA:7,1
DA:9,1
DA:11,1
DA:12,1
DA:13,2
DA:14,2
DA:15,2
DA:16,2
DA:17,2
DA:19,2
DA:21,2
DA:22,2
DA:23,2
DA:24,2
DA:25,2
DA:27,2
DA:28,2
DA:29,2
DA:30,2
DA:31,1
DA:32,1
DA:33,2
DA:34,2
DA:36,2
DA:37,2
DA:38,2
DA:39,2
DA:40,2
DA:41,2
DA:42,2
DA:43,1
DA:44,1
DA:45,2
DA:46,2
DA:48,2
DA:49,2
DA:50,2
DA:52,1
DA:54,1
DA:55,1
DA:56,7
DA:57,3
DA:58,7
DA:59,1
DA:60,4
DA:61,1
DA:62,1
DA:63,2
DA:64,2
DA:66,1
DA:68,1
DA:69,1
DA:70,27
DA:71,27
DA:73,27
DA:74,26
DA:75,26
DA:76,27
DA:78,27
DA:79,27
DA:81,1
DA:83,1
DA:84,1
DA:85,1
DA:86,1
LF:66
LH:66
BRDA:12,0,0,2
BRDA:40,1,0,0
BRDA:22,2,0,2
BRDA:28,3,0,2
BRDA:30,4,0,1
BRDA:30,5,0,1
BRDA:31,6,0,1
BRDA:40,7,0,2
BRDA:42,8,0,1
BRDA:42,9,0,1
BRDA:43,10,0,1
BRDA:55,11,0,7
BRDA:56,12,0,3
BRDA:58,13,0,5
BRDA:58,14,0,4
BRDA:58,15,0,1
BRDA:60,16,0,3
BRDA:60,17,0,1
BRDA:62,18,0,2
BRDA:69,19,0,27
BRDA:73,20,0,1
BRDA:73,21,0,26
BRDA:78,22,0,12
BRDA:78,23,0,14
BRDA:76,24,0,27
BRDA:84,25,0,1
BRF:26
BRH:25
end_of_record
TN:
SF:src/features/TransactionsTable/BikeSalesColumns.tsx
FN:6,getBikeSalesColumnDefs
FN:10,valueGetter
FN:18,valueGetter
FN:29,cellRenderer
FN:76,valueGetter
FN:80,cellRenderer
FN:105,cellRenderer
FN:140,valueGetter
FN:144,cellRenderer
FNF:9
FNH:5
FNDA:5,getBikeSalesColumnDefs
FNDA:0,valueGetter
FNDA:0,valueGetter
FNDA:2,cellRenderer
FNDA:0,valueGetter
FNDA:2,cellRenderer
FNDA:5,cellRenderer
FNDA:0,valueGetter
FNDA:5,cellRenderer
DA:2,1
DA:5,1
DA:6,1
DA:7,5
DA:8,5
DA:9,5
DA:10,5
DA:11,5
DA:12,5
DA:13,5
DA:14,5
DA:15,5
DA:16,5
DA:17,5
DA:18,5
DA:19,0
DA:20,0
DA:21,0
DA:22,5
DA:23,5
DA:24,5
DA:25,5
DA:26,5
DA:27,5
DA:28,5
DA:29,5
DA:30,2
DA:32,2
DA:33,2
DA:34,2
DA:35,2
DA:36,2
DA:37,2
DA:39,2
DA:40,2
DA:42,2
DA:43,2
DA:45,2
DA:46,2
DA:47,2
DA:48,2
DA:50,2
DA:51,2
DA:52,2
DA:55,2
DA:56,2
DA:57,2
DA:58,2
DA:59,2
DA:60,2
DA:61,2
DA:62,0
DA:63,0
DA:64,0
DA:72,2
DA:73,5
DA:74,5
DA:75,5
DA:76,5
DA:77,0
DA:78,0
DA:79,0
DA:80,5
DA:81,2
DA:82,2
DA:83,2
DA:84,2
DA:85,2
DA:86,2
DA:87,2
DA:88,2
DA:89,2
DA:91,2
DA:92,1
DA:94,2
DA:98,2
DA:99,5
DA:100,5
DA:101,5
DA:102,5
DA:103,5
DA:104,5
DA:105,5
DA:106,5
DA:107,5
DA:109,5
DA:111,5
DA:112,5
DA:113,5
DA:114,5
DA:116,5
DA:117,5
DA:118,5
DA:119,5
DA:121,5
DA:122,5
DA:124,5
DA:125,5
DA:127,5
DA:128,5
DA:130,5
DA:131,5
DA:135,5
DA:136,5
DA:137,5
DA:138,5
DA:139,5
DA:140,5
DA:141,0
DA:142,0
DA:143,0
DA:144,5
DA:145,5
DA:146,5
DA:148,4
DA:149,4
DA:150,4
DA:152,5
DA:153,5
DA:154,5
DA:156,1
DA:157,1
DA:158,5
DA:159,5
DA:160,5
LF:125
LH:113
BRDA:6,0,0,5
BRDA:29,1,0,2
BRDA:40,2,0,1
BRDA:43,3,0,1
BRDA:61,4,0,0
BRDA:80,5,0,2
BRDA:91,6,0,1
BRDA:105,7,0,5
BRDA:109,8,0,0
BRDA:118,9,0,1
BRDA:121,10,0,4
BRDA:124,11,0,2
BRDA:127,12,0,2
BRDA:130,13,0,3
BRDA:144,14,0,5
BRDA:146,15,0,1
BRDA:146,16,0,4
BRDA:152,17,0,1
BRDA:152,18,0,3
BRDA:153,19,0,1
BRDA:153,20,0,2
BRDA:154,21,0,1
BRF:22
BRH:20
end_of_record
TN:
SF:src/features/TransactionsTable/TransactionTypeDropdown.tsx
FN:19,CreateTransactionDropdown
FN:28,handleRetrospectTransaction
FN:89,handleMenuItemClick
FN:107,handleToggle
FN:111,handleClose
FN:121,handleTransactionCreated
FN:174,boxShadow
FN:206,onClick
FN:217,onClose
FN:223,onClose
FNF:10
FNH:9
FNDA:21,CreateTransactionDropdown
FNDA:2,handleRetrospectTransaction
FNDA:5,handleMenuItemClick
FNDA:6,handleToggle
FNDA:1,handleClose
FNDA:1,handleTransactionCreated
FNDA:21,boxShadow
FNDA:5,onClick
FNDA:0,onClose
FNDA:1,onClose
DA:1,1
DA:2,1
DA:3,1
DA:14,1
DA:15,1
DA:16,1
DA:18,1
DA:19,1
DA:20,21
DA:21,21
DA:22,21
DA:23,21
DA:24,21
DA:26,21
DA:28,21
DA:29,2
DA:30,2
DA:31,2
DA:32,2
DA:33,2
DA:34,2
DA:35,2
DA:36,2
DA:37,2
DA:38,2
DA:40,2
DA:41,0
DA:42,0
DA:43,0
DA:44,0
DA:46,1
DA:47,1
DA:48,1
DA:49,1
DA:50,1
DA:53,1
DA:54,1
DA:55,1
DA:56,1
DA:57,1
DA:58,1
DA:59,1
DA:61,1
DA:62,1
DA:64,1
DA:65,1
DA:66,1
DA:67,2
DA:68,2
DA:69,2
DA:72,2
DA:73,2
DA:74,2
DA:75,2
DA:77,2
DA:78,2
DA:79,1
DA:80,1
DA:81,1
DA:82,1
DA:83,2
DA:85,21
DA:86,21
DA:87,21
DA:89,21
DA:90,5
DA:91,5
DA:93,5
DA:94,5
DA:95,5
DA:97,5
DA:98,5
DA:99,2
DA:100,2
DA:101,5
DA:102,3
DA:103,3
DA:104,3
DA:105,5
DA:107,21
DA:108,6
DA:109,6
DA:111,21
DA:112,1
DA:113,1
DA:114,1
DA:115,1
DA:116,0
DA:117,0
DA:119,1
DA:120,1
DA:121,21
DA:122,1
DA:123,1
DA:124,1
DA:125,1
DA:126,1
DA:127,1
DA:129,1
DA:131,1
DA:132,1
DA:133,0
DA:134,1
DA:135,1
DA:136,1
DA:137,1
DA:139,1
DA:140,1
DA:142,21
DA:143,21
DA:144,21
DA:145,21
DA:146,21
DA:147,21
DA:148,21
DA:149,21
DA:150,21
DA:151,21
DA:152,21
DA:153,21
DA:154,21
DA:155,21
DA:156,21
DA:157,21
DA:158,21
DA:159,21
DA:160,21
DA:161,21
DA:162,21
DA:163,21
DA:164,21
DA:165,21
DA:166,21
DA:167,21
DA:168,21
DA:169,21
DA:170,21
DA:171,21
DA:172,21
DA:173,21
DA:174,21
DA:175,21
DA:176,21
DA:177,21
DA:178,21
DA:181,21
DA:182,21
DA:183,21
DA:184,21
DA:185,21
DA:186,21
DA:187,21
DA:189,21
DA:190,21
DA:191,21
DA:192,21
DA:193,21
DA:194,21
DA:195,21
DA:197,21
DA:198,21
DA:199,21
DA:200,21
DA:201,21
DA:202,21
DA:203,21
DA:204,21
DA:205,21
DA:206,21
DA:208,21
DA:217,21
DA:218,21
DA:219,21
DA:220,21
DA:221,21
DA:222,21
DA:223,21
DA:224,21
DA:230,21
LF:179
LH:172
BRDA:19,0,0,21
BRDA:147,1,0,6
BRDA:147,2,0,15
BRDA:148,3,0,6
BRDA:148,4,0,15
BRDA:222,5,0,0
BRDA:28,6,0,2
BRDA:38,7,0,1
BRDA:40,8,0,0
BRDA:44,9,0,1
BRDA:67,10,0,0
BRDA:67,11,0,1
BRDA:78,12,0,1
BRDA:89,13,0,5
BRDA:98,14,0,2
BRDA:101,15,0,3
BRDA:107,16,0,6
BRDA:108,17,0,6
BRDA:111,18,0,1
BRDA:115,19,0,0
BRDA:121,20,0,1
BRDA:125,21,0,0
BRDA:132,22,0,0
BRDA:174,23,0,21
BRDA:194,24,0,0
BRDA:206,25,0,5
BRDA:223,26,0,1
BRF:27
BRH:20
end_of_record
TN:
SF:src/features/TransactionsTable/TransactionsTable.filter.ts
FN:14,passesExternalFilter
FN:95,isExternalFilterPresent
FNF:2
FNH:2
FNDA:19,passesExternalFilter
FNDA:1,isExternalFilterPresent
DA:1,1
DA:4,1
DA:8,1
DA:10,1
DA:13,1
DA:14,1
DA:15,19
DA:16,19
DA:17,19
DA:19,19
DA:20,19
DA:22,18
DA:23,18
DA:24,8
DA:26,19
DA:27,19
DA:28,2
DA:29,2
DA:30,17
DA:31,2
DA:32,2
DA:33,2
DA:34,2
DA:35,2
DA:36,2
DA:37,16
DA:38,15
DA:39,9
DA:40,2
DA:41,2
DA:42,2
DA:43,2
DA:44,1
DA:45,0
DA:46,1
DA:47,1
DA:48,1
DA:49,1
DA:50,1
DA:51,1
DA:52,2
DA:53,7
DA:54,1
DA:55,1
DA:56,1
DA:57,1
DA:58,1
DA:59,1
DA:60,6
DA:61,1
DA:62,1
DA:63,1
DA:64,1
DA:65,1
DA:66,5
DA:67,2
DA:68,2
DA:70,19
DA:72,14
DA:73,19
DA:74,5
DA:75,5
DA:76,5
DA:77,5
DA:78,5
DA:80,5
DA:81,5
DA:82,4
DA:83,3
DA:84,2
DA:86,5
DA:88,9
DA:89,9
DA:91,1
DA:94,1
DA:95,1
DA:96,1
DA:97,1
LF:78
LH:77
BRDA:14,0,0,19
BRDA:20,1,0,1
BRDA:20,2,0,18
BRDA:23,3,0,8
BRDA:27,4,0,2
BRDA:28,5,0,2
BRDA:29,6,0,17
BRDA:30,7,0,2
BRDA:31,8,0,2
BRDA:32,9,0,2
BRDA:33,10,0,2
BRDA:34,11,0,2
BRDA:35,12,0,2
BRDA:36,13,0,0
BRDA:36,14,0,16
BRDA:37,15,0,2
BRDA:37,16,0,15
BRDA:38,17,0,6
BRDA:38,18,0,9
BRDA:39,19,0,2
BRDA:43,20,0,1
BRDA:44,21,0,0
BRDA:46,22,0,1
BRDA:47,23,0,1
BRDA:52,24,0,7
BRDA:53,25,0,1
BRDA:54,26,0,1
BRDA:55,27,0,1
BRDA:56,28,0,1
BRDA:57,29,0,1
BRDA:58,30,0,1
BRDA:59,31,0,6
BRDA:60,32,0,1
BRDA:61,33,0,1
BRDA:62,34,0,1
BRDA:63,35,0,1
BRDA:64,36,0,1
BRDA:65,37,0,5
BRDA:66,38,0,2
BRDA:67,39,0,2
BRDA:68,40,0,0
BRDA:70,41,0,4
BRDA:70,42,0,14
BRDA:73,43,0,6
BRDA:73,44,0,5
BRDA:75,45,0,0
BRDA:76,46,0,0
BRDA:77,47,0,0
BRDA:78,48,0,0
BRDA:81,49,0,4
BRDA:82,50,0,3
BRDA:83,51,0,2
BRDA:86,52,0,9
BRDA:95,53,0,1
BRF:54
BRH:47
end_of_record
TN:
SF:src/features/TransactionsTable/TransactionsTable.helpers.tsx
FN:18,buildColDefs
FN:62,valueGetter
FN:69,valueGetter
FN:77,cellRenderer
FN:156,valueGetter
FN:176,cellRenderer
FN:263,valueGetter
FN:269,valueGetter
FN:277,valueGetter
FN:290,valueGetter
FN:300,cellRenderer
FN:314,valueGetter
FN:324,cellRenderer
FN:338,timeAgo
FN:360,checkStatusOfRetrospec
FN:377,ProgressCellRenderer
FN:382,queryFn
FN:387,select
FN:470,getTransactionRowUrl
FN:479,handleRowClick
FNF:20
FNH:10
FNDA:8,buildColDefs
FNDA:0,valueGetter
FNDA:0,valueGetter
FNDA:4,cellRenderer
FNDA:0,valueGetter
FNDA:5,cellRenderer
FNDA:0,valueGetter
FNDA:0,valueGetter
FNDA:0,valueGetter
FNDA:0,valueGetter
FNDA:0,cellRenderer
FNDA:0,valueGetter
FNDA:0,cellRenderer
FNDA:2,timeAgo
FNDA:8,checkStatusOfRetrospec
FNDA:5,ProgressCellRenderer
FNDA:2,queryFn
FNDA:4,select
FNDA:7,getTransactionRowUrl
FNDA:5,handleRowClick
DA:1,1
DA:2,1
DA:3,1
DA:4,1
DA:5,1
DA:6,1
DA:7,1
DA:8,1
DA:9,1
DA:10,1
DA:11,1
DA:13,1
DA:16,1
DA:18,1
DA:19,8
DA:20,8
DA:22,8
DA:23,5
DA:24,5
DA:25,5
DA:26,5
DA:27,4
DA:28,4
DA:29,5
DA:30,4
DA:31,1
DA:32,3
DA:33,2
DA:34,2
DA:35,1
DA:36,1
DA:37,1
DA:39,3
DA:40,3
DA:42,3
DA:43,2
DA:44,2
DA:45,1
DA:46,1
DA:48,5
DA:49,1
DA:50,1
DA:52,1
DA:53,5
DA:54,0
DA:55,0
DA:56,5
DA:58,5
DA:59,5
DA:60,5
DA:61,5
DA:62,5
DA:63,0
DA:64,5
DA:65,5
DA:66,5
DA:67,5
DA:68,5
DA:69,5
DA:70,0
DA:71,0
DA:72,0
DA:73,0
DA:74,0
DA:75,0
DA:76,0
DA:77,5
DA:78,4
DA:82,4
DA:83,4
DA:84,3
DA:85,3
DA:86,3
DA:87,3
DA:88,3
DA:89,3
DA:90,3
DA:91,3
DA:92,3
DA:93,3
DA:94,3
DA:95,3
DA:96,3
DA:97,3
DA:98,3
DA:99,3
DA:101,3
DA:102,3
DA:103,3
DA:104,3
DA:105,3
DA:106,3
DA:107,3
DA:108,3
DA:109,3
DA:110,3
DA:111,3
DA:112,3
DA:113,3
DA:116,3
DA:117,3
DA:118,3
DA:119,3
DA:120,3
DA:121,3
DA:122,3
DA:123,3
DA:124,3
DA:125,3
DA:126,3
DA:127,3
DA:128,3
DA:131,3
DA:132,3
DA:133,3
DA:134,3
DA:135,3
DA:136,3
DA:137,3
DA:138,3
DA:139,3
DA:140,3
DA:141,3
DA:142,3
DA:143,3
DA:148,3
DA:149,1
DA:150,1
DA:151,1
DA:152,5
DA:153,5
DA:154,5
DA:155,5
DA:156,5
DA:157,0
DA:158,0
DA:159,0
DA:160,0
DA:161,0
DA:162,0
DA:163,0
DA:164,0
DA:165,0
DA:166,0
DA:167,0
DA:168,0
DA:169,0
DA:170,0
DA:171,0
DA:172,0
DA:173,0
DA:174,0
DA:175,0
DA:176,5
DA:177,5
DA:178,5
DA:179,5
DA:180,5
DA:181,5
DA:182,5
DA:183,5
DA:184,5
DA:185,5
DA:186,5
DA:197,5
DA:199,5
DA:200,3
DA:201,3
DA:202,3
DA:203,3
DA:204,3
DA:205,3
DA:206,3
DA:208,3
DA:209,3
DA:210,3
DA:211,3
DA:212,3
DA:213,3
DA:214,3
DA:215,3
DA:218,3
DA:219,3
DA:221,3
DA:222,3
DA:223,3
DA:224,3
DA:227,3
DA:228,3
DA:229,3
DA:230,3
DA:233,3
DA:236,3
DA:237,2
DA:238,2
DA:239,2
DA:240,2
DA:241,2
DA:242,2
DA:243,2
DA:245,2
DA:246,5
DA:247,5
DA:248,5
DA:249,5
DA:254,5
DA:255,5
DA:256,5
DA:257,5
DA:258,5
DA:259,5
DA:260,5
DA:261,5
DA:262,5
DA:263,5
DA:264,0
DA:265,5
DA:266,5
DA:267,5
DA:268,5
DA:269,5
DA:270,5
DA:271,5
DA:272,5
DA:273,8
DA:274,8
DA:275,8
DA:276,8
DA:277,8
DA:278,0
DA:279,0
DA:280,0
DA:281,0
DA:282,0
DA:283,0
DA:284,0
DA:285,0
DA:286,8
DA:287,8
DA:288,8
DA:289,8
DA:290,8
DA:291,0
DA:292,0
DA:293,0
DA:294,0
DA:295,0
DA:296,0
DA:297,0
DA:298,0
DA:299,0
DA:300,8
DA:301,0
DA:302,0
DA:303,0
DA:304,0
DA:305,0
DA:306,0
DA:307,0
DA:308,0
DA:309,0
DA:310,8
DA:311,8
DA:312,8
DA:313,8
DA:314,8
DA:315,0
DA:316,0
DA:317,0
DA:318,0
DA:319,0
DA:320,0
DA:321,0
DA:322,0
DA:323,0
DA:324,8
DA:325,0
DA:326,0
DA:327,0
DA:328,0
DA:329,0
DA:330,0
DA:331,0
DA:332,0
DA:333,0
DA:334,8
DA:335,8
DA:336,8
DA:338,1
DA:339,2
DA:340,2
DA:341,2
DA:342,2
DA:343,2
DA:344,2
DA:345,2
DA:346,2
DA:347,2
DA:348,2
DA:349,2
DA:350,2
DA:352,2
DA:353,11
DA:354,2
DA:355,2
DA:356,2
DA:357,11
DA:358,0
DA:360,1
DA:361,8
DA:362,8
DA:363,8
DA:365,8
DA:366,3
DA:367,3
DA:369,7
DA:370,2
DA:371,3
DA:372,3
DA:373,3
DA:374,0
DA:375,0
DA:377,1
DA:378,5
DA:380,5
DA:381,5
DA:382,5
DA:383,2
DA:384,2
DA:385,0
DA:386,5
DA:387,5
DA:388,5
DA:390,5
DA:391,3
DA:392,3
DA:393,5
DA:394,1
DA:395,1
DA:396,1
DA:397,1
DA:398,1
DA:399,1
DA:400,1
DA:402,1
DA:403,1
DA:404,1
DA:405,1
DA:406,1
DA:407,1
DA:409,1
DA:410,1
DA:411,1
DA:412,1
DA:413,1
DA:414,1
DA:415,1
DA:416,1
DA:418,1
DA:419,1
DA:423,1
DA:426,1
DA:428,1
DA:429,1
DA:430,1
DA:431,1
DA:432,1
DA:434,1
DA:435,1
DA:436,1
DA:437,1
DA:438,1
DA:439,1
DA:440,1
DA:442,1
DA:443,1
DA:444,1
DA:445,1
DA:446,1
DA:447,1
DA:448,1
DA:449,1
DA:450,1
DA:452,1
DA:453,1
DA:454,1
DA:455,1
DA:456,5
DA:457,5
DA:461,5
DA:462,0
DA:464,5
DA:468,5
DA:470,1
DA:471,7
DA:472,3
DA:473,3
DA:474,4
DA:475,4
DA:477,1
DA:478,1
DA:479,1
DA:480,5
DA:481,5
DA:483,5
DA:484,5
DA:485,3
DA:486,3
LF:408
LH:329
BRDA:18,0,0,8
BRDA:22,1,0,5
BRDA:26,2,0,4
BRDA:27,3,0,4
BRDA:29,4,0,4
BRDA:30,5,0,3
BRDA:30,6,0,1
BRDA:42,7,0,2
BRDA:44,8,0,1
BRDA:48,9,0,1
BRDA:53,10,0,0
BRDA:273,11,0,0
BRDA:273,12,0,5
BRDA:31,13,0,3
BRDA:32,14,0,2
BRDA:32,15,0,2
BRDA:34,16,0,1
BRDA:40,17,0,7
BRDA:40,18,0,5
BRDA:77,19,0,4
BRDA:82,20,0,0
BRDA:83,21,0,3
BRDA:148,22,0,1
BRDA:176,23,0,5
BRDA:197,24,0,0
BRDA:199,25,0,3
BRDA:218,26,0,1
BRDA:221,27,0,0
BRDA:227,28,0,0
BRDA:236,29,0,2
BRDA:246,30,0,0
BRDA:338,31,0,2
BRDA:352,32,0,11
BRDA:353,33,0,2
BRDA:357,34,0,0
BRDA:360,35,0,8
BRDA:365,36,0,7
BRDA:365,37,0,3
BRDA:369,38,0,5
BRDA:369,39,0,2
BRDA:369,40,0,3
BRDA:369,41,0,2
BRDA:373,42,0,0
BRDA:377,43,0,5
BRDA:378,44,0,4
BRDA:390,45,0,4
BRDA:390,46,0,3
BRDA:392,47,0,2
BRDA:393,48,0,1
BRDA:456,49,0,0
BRDA:456,50,0,1
BRDA:461,51,0,0
BRDA:382,52,0,2
BRDA:384,53,0,0
BRDA:387,54,0,4
BRDA:430,55,0,2
BRDA:470,56,0,7
BRDA:471,57,0,6
BRDA:471,58,0,5
BRDA:471,59,0,3
BRDA:473,60,0,4
BRDA:479,61,0,5
BRDA:483,62,0,3
BRDA:484,63,0,4
BRDA:484,64,0,2
BRDA:484,65,0,3
BRF:66
BRH:54
end_of_record
TN:
SF:src/features/TransactionsTable/TransactionsTable.utils.ts
FN:2,isDaysLess
FNF:1
FNH:1
FNDA:6,isDaysLess
DA:1,1
DA:2,1
DA:3,6
DA:4,6
DA:5,6
DA:6,6
LF:6
LH:6
BRDA:2,0,0,6
BRF:1
BRH:1
end_of_record
TN:
SF:src/hooks/useSlackNotifications.ts
FN:17,useSlackNotifications
FNF:1
FNH:1
FNDA:13,useSlackNotifications
DA:1,1
DA:2,1
DA:13,1
DA:16,1
DA:17,1
DA:18,13
DA:19,13
DA:21,13
DA:22,2
DA:23,2
DA:25,2
DA:26,2
DA:28,2
DA:29,2
DA:30,1
DA:31,1
DA:32,1
DA:33,1
DA:34,1
DA:35,2
DA:36,2
DA:37,2
DA:38,13
DA:40,13
DA:41,2
DA:42,2
DA:43,2
DA:44,2
DA:46,2
DA:47,2
DA:49,2
DA:50,2
DA:51,1
DA:52,1
DA:53,1
DA:54,1
DA:55,1
DA:56,1
DA:57,1
DA:58,2
DA:59,2
DA:60,2
DA:61,13
DA:63,13
DA:64,2
DA:65,2
DA:66,2
DA:67,2
DA:68,2
DA:70,2
DA:71,2
DA:73,2
DA:74,2
DA:75,1
DA:76,1
DA:77,1
DA:78,1
DA:79,1
DA:80,1
DA:81,1
DA:82,2
DA:83,2
DA:84,2
DA:85,13
DA:87,13
DA:88,2
DA:89,2
DA:91,2
DA:92,2
DA:93,1
DA:94,1
DA:95,1
DA:96,1
DA:97,1
DA:98,2
DA:99,2
DA:100,2
DA:101,13
DA:103,13
DA:104,13
DA:105,13
DA:106,13
DA:107,13
DA:108,13
DA:109,13
DA:110,13
DA:111,13
LF:87
LH:87
BRDA:17,0,0,13
BRDA:21,1,0,2
BRDA:29,2,0,1
BRDA:32,3,0,0
BRDA:35,4,0,0
BRDA:40,5,0,2
BRDA:50,6,0,1
BRDA:53,7,0,0
BRDA:58,8,0,0
BRDA:63,9,0,2
BRDA:74,10,0,1
BRDA:77,11,0,0
BRDA:82,12,0,0
BRDA:87,13,0,2
BRDA:92,14,0,1
BRDA:95,15,0,0
BRDA:98,16,0,0
BRF:17
BRH:9
end_of_record
TN:
SF:src/services/notificationService.ts
FN:35,sendSlackNotification
FN:69,notifyBuildReadyForInspection
FN:82,notifyInspectionCompleted
FN:96,testSlackIntegration
FN:116,formatBuildReadyMessage
FN:140,formatInspectionCompletedMessage
FN:166,handleNotificationError
FN:182,sendNotificationSafely
FN:28,NotificationService
FNF:9
FNH:9
FNDA:2,sendSlackNotification
FNDA:1,notifyBuildReadyForInspection
FNDA:1,notifyInspectionCompleted
FNDA:2,testSlackIntegration
FNDA:1,formatBuildReadyMessage
FNDA:1,formatInspectionCompletedMessage
FNDA:1,handleNotificationError
FNDA:2,sendNotificationSafely
FNDA:1,NotificationService
DA:1,1
DA:4,1
DA:22,1
DA:25,1
DA:26,1
DA:28,1
DA:29,1
DA:30,1
DA:32,1
DA:34,1
DA:35,1
DA:36,2
DA:37,2
DA:38,2
DA:39,2
DA:40,2
DA:41,2
DA:43,2
DA:44,2
DA:45,2
DA:46,2
DA:47,2
DA:48,2
DA:49,2
DA:51,2
DA:53,2
DA:54,1
DA:55,1
DA:56,1
DA:58,1
DA:59,1
DA:60,1
DA:61,1
DA:62,1
DA:63,1
DA:64,2
DA:66,1
DA:68,1
DA:69,1
DA:70,1
DA:71,1
DA:72,1
DA:73,1
DA:74,1
DA:75,1
DA:76,1
DA:77,1
DA:79,1
DA:81,1
DA:82,1
DA:83,1
DA:84,1
DA:85,1
DA:86,1
DA:87,1
DA:88,1
DA:89,1
DA:90,1
DA:91,1
DA:93,1
DA:95,1
DA:96,1
DA:97,2
DA:98,2
DA:99,2
DA:100,2
DA:101,2
DA:102,2
DA:103,2
DA:105,1
DA:106,1
DA:107,1
DA:108,1
DA:109,1
DA:110,1
DA:111,2
DA:113,1
DA:115,1
DA:116,1
DA:117,1
DA:118,1
DA:119,1
DA:120,1
DA:121,1
DA:122,1
DA:124,1
DA:126,1
DA:127,1
DA:128,1
DA:129,1
DA:134,1
DA:135,1
DA:137,1
DA:139,1
DA:140,1
DA:141,1
DA:142,1
DA:143,1
DA:144,1
DA:145,1
DA:146,1
DA:147,1
DA:148,1
DA:150,1
DA:152,1
DA:153,1
DA:154,1
DA:155,1
DA:160,1
DA:161,1
DA:163,1
DA:165,1
DA:166,1
DA:167,1
DA:169,1
DA:170,1
DA:171,1
DA:172,1
DA:173,1
DA:175,1
DA:176,1
DA:177,1
DA:179,1
DA:181,1
DA:182,1
DA:183,2
DA:184,2
DA:185,2
DA:186,2
DA:187,2
DA:188,4
DA:189,4
DA:190,1
DA:191,4
DA:192,3
DA:194,3
DA:195,1
DA:196,1
DA:197,1
DA:199,2
DA:200,2
DA:201,2
DA:202,4
DA:204,2
DA:205,2
DA:206,1
DA:208,1
DA:209,1
DA:211,1
LF:149
LH:149
BRDA:35,0,0,2
BRDA:53,1,0,1
BRDA:55,2,0,0
BRDA:69,3,0,1
BRDA:82,4,0,1
BRDA:96,5,0,2
BRDA:103,6,0,1
BRDA:116,7,0,1
BRDA:122,8,0,0
BRDA:140,9,0,1
BRDA:147,10,0,0
BRDA:148,11,0,0
BRDA:166,12,0,1
BRDA:182,13,0,2
BRDA:187,14,0,4
BRDA:189,15,0,1
BRDA:191,16,0,3
BRDA:194,17,0,1
BRDA:197,18,0,2
BRDA:200,19,0,2
BRDA:28,20,0,1
BRF:21
BRH:17
end_of_record
TN:
SF:src/test-utils/downloadTestUtils.ts
FN:3,mockCreateObjectURL
FN:15,spyOnAppendChild
FN:26,getAppendedNodes
FN:27,restore
FN:31,findAppendedAnchors
FNF:5
FNH:5
FNDA:4,mockCreateObjectURL
FNDA:4,spyOnAppendChild
FNDA:2,getAppendedNodes
FNDA:4,restore
FNDA:2,findAppendedAnchors
DA:1,1
DA:3,1
DA:4,4
DA:5,4
DA:6,4
DA:7,3
DA:8,3
DA:9,4
DA:10,4
DA:11,4
DA:12,4
DA:13,4
DA:15,1
DA:16,4
DA:17,4
DA:18,4
DA:19,4
DA:20,4
DA:21,8
DA:22,8
DA:23,8
DA:24,4
DA:25,4
DA:26,4
DA:27,4
DA:28,4
DA:29,4
DA:31,1
DA:32,2
DA:33,2
DA:35,2
LF:31
LH:31
BRDA:3,0,0,4
BRDA:6,1,0,3
BRDA:11,2,0,4
BRDA:15,3,0,4
BRDA:20,4,0,8
BRDA:26,5,0,2
BRDA:27,6,0,4
BRDA:31,7,0,2
BRDA:33,8,0,2
BRF:9
BRH:9
end_of_record
TN:
SF:src/utils/decimalConverter.ts
FN:9,convertStringDecimalsToNumbers
FN:50,convertSpecificDecimalFields
FN:102,fetchWithDecimalConversion
FN:139,convertResponseDecimals
FN:146,convertBikeDecimals
FN:150,convertTransactionDecimals
FNF:6
FNH:5
FNDA:11,convertStringDecimalsToNumbers
FNDA:7,convertSpecificDecimalFields
FNDA:1,fetchWithDecimalConversion
FNDA:1,convertResponseDecimals
FNDA:1,convertBikeDecimals
FNDA:0,convertTransactionDecimals
DA:1,1
DA:2,1
DA:4,1
DA:8,1
DA:9,1
DA:10,11
DA:11,1
DA:12,1
DA:14,10
DA:15,11
DA:16,1
DA:17,1
DA:19,9
DA:20,11
DA:21,2
DA:22,2
DA:23,7
DA:24,7
DA:25,2
DA:26,2
DA:28,7
DA:29,7
DA:30,7
DA:31,7
DA:32,7
DA:33,4
DA:34,4
DA:35,4
DA:36,4
DA:37,4
DA:38,4
DA:39,7
DA:41,3
DA:42,3
DA:43,3
DA:45,1
DA:49,1
DA:50,7
DA:51,7
DA:52,0
DA:53,0
DA:55,7
DA:56,7
DA:57,0
DA:58,0
DA:60,7
DA:61,7
DA:62,4
DA:63,4
DA:64,12
DA:65,8
DA:66,8
DA:67,8
DA:68,8
DA:69,8
DA:70,8
DA:71,8
DA:72,8
DA:73,8
DA:74,8
DA:75,4
DA:76,4
DA:77,4
DA:78,4
DA:79,4
DA:81,3
DA:82,3
DA:84,1
DA:85,1
DA:86,1
DA:87,1
DA:88,1
DA:89,1
DA:90,1
DA:91,1
DA:92,1
DA:93,1
DA:94,1
DA:95,1
DA:96,1
DA:98,1
DA:101,1
DA:102,1
DA:103,1
DA:104,1
DA:106,1
DA:108,1
DA:109,1
DA:111,1
DA:112,1
DA:113,1
DA:114,1
DA:115,1
DA:116,1
DA:118,1
DA:119,1
DA:120,1
DA:121,1
DA:122,1
DA:123,1
DA:125,1
DA:126,1
DA:127,0
DA:128,0
DA:129,0
DA:130,1
DA:132,0
DA:133,0
DA:135,1
DA:138,1
DA:139,1
DA:140,1
DA:141,1
DA:143,1
DA:145,1
DA:146,1
DA:147,1
DA:148,1
DA:150,1
DA:151,0
DA:152,0
LF:121
LH:110
BRDA:9,0,0,11
BRDA:10,1,0,10
BRDA:10,2,0,1
BRDA:12,3,0,10
BRDA:15,4,0,1
BRDA:17,5,0,9
BRDA:20,6,0,2
BRDA:20,7,0,2
BRDA:22,8,0,7
BRDA:26,9,0,7
BRDA:32,10,0,6
BRDA:32,11,0,4
BRDA:39,12,0,3
BRDA:50,13,0,7
BRDA:51,14,0,0
BRDA:56,15,0,0
BRDA:61,16,0,4
BRDA:61,17,0,4
BRDA:63,18,0,12
BRDA:64,19,0,8
BRDA:64,20,0,8
BRDA:74,21,0,4
BRDA:79,22,0,3
BRDA:102,23,0,1
BRDA:126,24,0,0
BRDA:130,25,0,0
BRDA:139,26,0,1
BRDA:146,27,0,1
BRF:28
BRH:24
end_of_record
